<?xml version="1.0" encoding="UTF-8"?>
<testng-results ignored="0" total="84" passed="80" failed="4" skipped="0">
  <reporter-output>
  </reporter-output>
  <suite started-at="2025-02-24T15:07:44 EST" name="Default suite" finished-at="2025-02-24T15:10:21 EST" duration-ms="156930">
    <groups>
      <group name="cucumber">
        <method signature="AbstractTestNGCucumberTests.runScenario(io.cucumber.testng.PickleWrapper,io.cucumber.testng.FeatureWrapper)[pri:0, instance:dsAlgo_TestRunner.TestRunner@59e505b2]" name="runScenario" class="io.cucumber.testng.AbstractTestNGCucumberTests"/>
      </group> <!-- cucumber -->
    </groups>
    <test started-at="2025-02-24T15:07:44 EST" name="Default test" finished-at="2025-02-24T15:10:21 EST" duration-ms="156930">
      <class name="dsAlgo_TestRunner.TestRunner">
        <test-method is-config="true" signature="setUpClass(org.testng.ITestContext)[pri:0, instance:dsAlgo_TestRunner.TestRunner@59e505b2]" started-at="2025-02-24T15:07:44 EST" name="setUpClass" finished-at="2025-02-24T15:07:46 EST" duration-ms="2156" status="PASS">
          <params>
            <param index="0">
              <value>
                <![CDATA[org.testng.TestRunner@5c33008f]]>
              </value>
            </param>
          </params>
          <reporter-output>
          </reporter-output>
        </test-method> <!-- setUpClass -->
        <test-method signature="runScenario(io.cucumber.testng.PickleWrapper,io.cucumber.testng.FeatureWrapper)[pri:0, instance:dsAlgo_TestRunner.TestRunner@59e505b2]" started-at="2025-02-24T15:07:46 EST" name="runScenario" description="Runs Cucumber Scenarios" data-provider="scenarios" finished-at="2025-02-24T15:08:02 EST" duration-ms="16463" status="PASS">
          <params>
            <param index="0">
              <value>
                <![CDATA["Verify warning message when selecting Linked List without signing in"]]>
              </value>
            </param>
            <param index="1">
              <value>
                <![CDATA["Home Page"]]>
              </value>
            </param>
          </params>
          <reporter-output>
          </reporter-output>
        </test-method> <!-- runScenario -->
        <test-method signature="runScenario(io.cucumber.testng.PickleWrapper,io.cucumber.testng.FeatureWrapper)[pri:0, instance:dsAlgo_TestRunner.TestRunner@59e505b2]" started-at="2025-02-24T15:07:46 EST" name="runScenario" description="Runs Cucumber Scenarios" data-provider="scenarios" finished-at="2025-02-24T15:08:03 EST" duration-ms="16583" status="PASS">
          <params>
            <param index="0">
              <value>
                <![CDATA["Verify that the user can view Data Structures dropdown options without signing in"]]>
              </value>
            </param>
            <param index="1">
              <value>
                <![CDATA["Home Page"]]>
              </value>
            </param>
          </params>
          <reporter-output>
          </reporter-output>
        </test-method> <!-- runScenario -->
        <test-method signature="runScenario(io.cucumber.testng.PickleWrapper,io.cucumber.testng.FeatureWrapper)[pri:0, instance:dsAlgo_TestRunner.TestRunner@59e505b2]" started-at="2025-02-24T15:07:46 EST" name="runScenario" description="Runs Cucumber Scenarios" data-provider="scenarios" finished-at="2025-02-24T15:08:03 EST" duration-ms="17111" status="PASS">
          <params>
            <param index="0">
              <value>
                <![CDATA["Verify that the user is able to navigate to the home page"]]>
              </value>
            </param>
            <param index="1">
              <value>
                <![CDATA["Home Page"]]>
              </value>
            </param>
          </params>
          <reporter-output>
          </reporter-output>
        </test-method> <!-- runScenario -->
        <test-method signature="runScenario(io.cucumber.testng.PickleWrapper,io.cucumber.testng.FeatureWrapper)[pri:0, instance:dsAlgo_TestRunner.TestRunner@59e505b2]" started-at="2025-02-24T15:07:46 EST" name="runScenario" description="Runs Cucumber Scenarios" data-provider="scenarios" finished-at="2025-02-24T15:08:03 EST" duration-ms="16550" status="PASS">
          <params>
            <param index="0">
              <value>
                <![CDATA["Verify warning message when selecting Queue without signing in"]]>
              </value>
            </param>
            <param index="1">
              <value>
                <![CDATA["Home Page"]]>
              </value>
            </param>
          </params>
          <reporter-output>
          </reporter-output>
        </test-method> <!-- runScenario -->
        <test-method signature="runScenario(io.cucumber.testng.PickleWrapper,io.cucumber.testng.FeatureWrapper)[pri:0, instance:dsAlgo_TestRunner.TestRunner@59e505b2]" started-at="2025-02-24T15:07:46 EST" name="runScenario" description="Runs Cucumber Scenarios" data-provider="scenarios" finished-at="2025-02-24T15:08:03 EST" duration-ms="17488" status="PASS">
          <params>
            <param index="0">
              <value>
                <![CDATA["Verify warning message when selecting Graph without signing in"]]>
              </value>
            </param>
            <param index="1">
              <value>
                <![CDATA["Home Page"]]>
              </value>
            </param>
          </params>
          <reporter-output>
          </reporter-output>
        </test-method> <!-- runScenario -->
        <test-method signature="runScenario(io.cucumber.testng.PickleWrapper,io.cucumber.testng.FeatureWrapper)[pri:0, instance:dsAlgo_TestRunner.TestRunner@59e505b2]" started-at="2025-02-24T15:07:46 EST" name="runScenario" description="Runs Cucumber Scenarios" data-provider="scenarios" finished-at="2025-02-24T15:08:08 EST" duration-ms="21623" status="PASS">
          <params>
            <param index="0">
              <value>
                <![CDATA["Verify that the user is able to click on Get Started button under Linked List section"]]>
              </value>
            </param>
            <param index="1">
              <value>
                <![CDATA["Linked List Functionality"]]>
              </value>
            </param>
          </params>
          <reporter-output>
          </reporter-output>
        </test-method> <!-- runScenario -->
        <test-method signature="runScenario(io.cucumber.testng.PickleWrapper,io.cucumber.testng.FeatureWrapper)[pri:0, instance:dsAlgo_TestRunner.TestRunner@59e505b2]" started-at="2025-02-24T15:07:46 EST" name="runScenario" description="Runs Cucumber Scenarios" data-provider="scenarios" finished-at="2025-02-24T15:08:03 EST" duration-ms="16599" status="PASS">
          <params>
            <param index="0">
              <value>
                <![CDATA["Verify that the user stays on the same page when clicking elsewhere"]]>
              </value>
            </param>
            <param index="1">
              <value>
                <![CDATA["Home Page"]]>
              </value>
            </param>
          </params>
          <reporter-output>
          </reporter-output>
        </test-method> <!-- runScenario -->
        <test-method signature="runScenario(io.cucumber.testng.PickleWrapper,io.cucumber.testng.FeatureWrapper)[pri:0, instance:dsAlgo_TestRunner.TestRunner@59e505b2]" started-at="2025-02-24T15:07:46 EST" name="runScenario" description="Runs Cucumber Scenarios" data-provider="scenarios" finished-at="2025-02-24T15:07:47 EST" duration-ms="1156" status="FAIL">
          <params>
            <param index="0">
              <value>
                <![CDATA["Verify warning message when selecting Stack without signing in"]]>
              </value>
            </param>
            <param index="1">
              <value>
                <![CDATA["Home Page"]]>
              </value>
            </param>
          </params>
          <exception class="java.lang.RuntimeException">
            <message>
              <![CDATA[Browser not specified in the Configuration.properties file.]]>
            </message>
            <full-stacktrace>
              <![CDATA[java.lang.RuntimeException: Browser not specified in the Configuration.properties file.
at dsAlgo_Reader.ConfigReader.getBrowser(ConfigReader.java:46)
at dsAlgo_Hooks.Hooks.setup(Hooks.java:30)
]]>
            </full-stacktrace>
          </exception> <!-- java.lang.RuntimeException -->
          <reporter-output>
          </reporter-output>
        </test-method> <!-- runScenario -->
        <test-method signature="runScenario(io.cucumber.testng.PickleWrapper,io.cucumber.testng.FeatureWrapper)[pri:0, instance:dsAlgo_TestRunner.TestRunner@59e505b2]" started-at="2025-02-24T15:07:46 EST" name="runScenario" description="Runs Cucumber Scenarios" data-provider="scenarios" finished-at="2025-02-24T15:07:47 EST" duration-ms="1149" status="FAIL">
          <params>
            <param index="0">
              <value>
                <![CDATA["Verify warning message when selecting Arrays without signing in"]]>
              </value>
            </param>
            <param index="1">
              <value>
                <![CDATA["Home Page"]]>
              </value>
            </param>
          </params>
          <exception class="java.lang.RuntimeException">
            <message>
              <![CDATA[Browser not specified in the Configuration.properties file.]]>
            </message>
            <full-stacktrace>
              <![CDATA[java.lang.RuntimeException: Browser not specified in the Configuration.properties file.
at dsAlgo_Reader.ConfigReader.getBrowser(ConfigReader.java:46)
at dsAlgo_Hooks.Hooks.setup(Hooks.java:30)
]]>
            </full-stacktrace>
          </exception> <!-- java.lang.RuntimeException -->
          <reporter-output>
          </reporter-output>
        </test-method> <!-- runScenario -->
        <test-method signature="runScenario(io.cucumber.testng.PickleWrapper,io.cucumber.testng.FeatureWrapper)[pri:0, instance:dsAlgo_TestRunner.TestRunner@59e505b2]" started-at="2025-02-24T15:07:46 EST" name="runScenario" description="Runs Cucumber Scenarios" data-provider="scenarios" finished-at="2025-02-24T15:07:47 EST" duration-ms="1146" status="FAIL">
          <params>
            <param index="0">
              <value>
                <![CDATA["Verify warning message when selecting Tree without signing in"]]>
              </value>
            </param>
            <param index="1">
              <value>
                <![CDATA["Home Page"]]>
              </value>
            </param>
          </params>
          <exception class="java.lang.RuntimeException">
            <message>
              <![CDATA[Browser not specified in the Configuration.properties file.]]>
            </message>
            <full-stacktrace>
              <![CDATA[java.lang.RuntimeException: Browser not specified in the Configuration.properties file.
at dsAlgo_Reader.ConfigReader.getBrowser(ConfigReader.java:46)
at dsAlgo_Hooks.Hooks.setup(Hooks.java:30)
]]>
            </full-stacktrace>
          </exception> <!-- java.lang.RuntimeException -->
          <reporter-output>
          </reporter-output>
        </test-method> <!-- runScenario -->
        <test-method signature="runScenario(io.cucumber.testng.PickleWrapper,io.cucumber.testng.FeatureWrapper)[pri:0, instance:dsAlgo_TestRunner.TestRunner@59e505b2]" started-at="2025-02-24T15:07:47 EST" name="runScenario" description="Runs Cucumber Scenarios" data-provider="scenarios" finished-at="2025-02-24T15:08:08 EST" duration-ms="20490" status="PASS">
          <params>
            <param index="0">
              <value>
                <![CDATA["Verify that the Introduction link is enabled in the Linked List page"]]>
              </value>
            </param>
            <param index="1">
              <value>
                <![CDATA["Linked List Functionality"]]>
              </value>
            </param>
          </params>
          <reporter-output>
          </reporter-output>
        </test-method> <!-- runScenario -->
        <test-method signature="runScenario(io.cucumber.testng.PickleWrapper,io.cucumber.testng.FeatureWrapper)[pri:0, instance:dsAlgo_TestRunner.TestRunner@59e505b2]" started-at="2025-02-24T15:07:47 EST" name="runScenario" description="Runs Cucumber Scenarios" data-provider="scenarios" finished-at="2025-02-24T15:08:08 EST" duration-ms="20375" status="PASS">
          <params>
            <param index="0">
              <value>
                <![CDATA["Verify that the Types of Linked List link is enabled in the Linked List page"]]>
              </value>
            </param>
            <param index="1">
              <value>
                <![CDATA["Linked List Functionality"]]>
              </value>
            </param>
          </params>
          <reporter-output>
          </reporter-output>
        </test-method> <!-- runScenario -->
        <test-method signature="runScenario(io.cucumber.testng.PickleWrapper,io.cucumber.testng.FeatureWrapper)[pri:0, instance:dsAlgo_TestRunner.TestRunner@59e505b2]" started-at="2025-02-24T15:07:47 EST" name="runScenario" description="Runs Cucumber Scenarios" data-provider="scenarios" finished-at="2025-02-24T15:08:04 EST" duration-ms="16781" status="PASS">
          <params>
            <param index="0">
              <value>
                <![CDATA["Verify that the Creating Linked List link is enabled in the Linked List page"]]>
              </value>
            </param>
            <param index="1">
              <value>
                <![CDATA["Linked List Functionality"]]>
              </value>
            </param>
          </params>
          <reporter-output>
          </reporter-output>
        </test-method> <!-- runScenario -->
        <test-method signature="runScenario(io.cucumber.testng.PickleWrapper,io.cucumber.testng.FeatureWrapper)[pri:0, instance:dsAlgo_TestRunner.TestRunner@59e505b2]" started-at="2025-02-24T15:08:02 EST" name="runScenario" description="Runs Cucumber Scenarios" data-provider="scenarios" finished-at="2025-02-24T15:08:16 EST" duration-ms="13619" status="PASS">
          <params>
            <param index="0">
              <value>
                <![CDATA["Verify that the Implement Linked List in Python link is enabled in the Linked List page"]]>
              </value>
            </param>
            <param index="1">
              <value>
                <![CDATA["Linked List Functionality"]]>
              </value>
            </param>
          </params>
          <reporter-output>
          </reporter-output>
        </test-method> <!-- runScenario -->
        <test-method signature="runScenario(io.cucumber.testng.PickleWrapper,io.cucumber.testng.FeatureWrapper)[pri:0, instance:dsAlgo_TestRunner.TestRunner@59e505b2]" started-at="2025-02-24T15:08:03 EST" name="runScenario" description="Runs Cucumber Scenarios" data-provider="scenarios" finished-at="2025-02-24T15:08:16 EST" duration-ms="13512" status="PASS">
          <params>
            <param index="0">
              <value>
                <![CDATA["Verify that the Traversal link is enabled in the Linked List page"]]>
              </value>
            </param>
            <param index="1">
              <value>
                <![CDATA["Linked List Functionality"]]>
              </value>
            </param>
          </params>
          <reporter-output>
          </reporter-output>
        </test-method> <!-- runScenario -->
        <test-method signature="runScenario(io.cucumber.testng.PickleWrapper,io.cucumber.testng.FeatureWrapper)[pri:0, instance:dsAlgo_TestRunner.TestRunner@59e505b2]" started-at="2025-02-24T15:08:03 EST" name="runScenario" description="Runs Cucumber Scenarios" data-provider="scenarios" finished-at="2025-02-24T15:08:16 EST" duration-ms="13491" status="PASS">
          <params>
            <param index="0">
              <value>
                <![CDATA["Verify that the Insertion link is enabled in the Linked List page"]]>
              </value>
            </param>
            <param index="1">
              <value>
                <![CDATA["Linked List Functionality"]]>
              </value>
            </param>
          </params>
          <reporter-output>
          </reporter-output>
        </test-method> <!-- runScenario -->
        <test-method signature="runScenario(io.cucumber.testng.PickleWrapper,io.cucumber.testng.FeatureWrapper)[pri:0, instance:dsAlgo_TestRunner.TestRunner@59e505b2]" started-at="2025-02-24T15:08:03 EST" name="runScenario" description="Runs Cucumber Scenarios" data-provider="scenarios" finished-at="2025-02-24T15:08:16 EST" duration-ms="13477" status="PASS">
          <params>
            <param index="0">
              <value>
                <![CDATA["Verify that the Deletion link is enabled in the Linked List page"]]>
              </value>
            </param>
            <param index="1">
              <value>
                <![CDATA["Linked List Functionality"]]>
              </value>
            </param>
          </params>
          <reporter-output>
          </reporter-output>
        </test-method> <!-- runScenario -->
        <test-method signature="runScenario(io.cucumber.testng.PickleWrapper,io.cucumber.testng.FeatureWrapper)[pri:0, instance:dsAlgo_TestRunner.TestRunner@59e505b2]" started-at="2025-02-24T15:08:03 EST" name="runScenario" description="Runs Cucumber Scenarios" data-provider="scenarios" finished-at="2025-02-24T15:08:16 EST" duration-ms="12972" status="PASS">
          <params>
            <param index="0">
              <value>
                <![CDATA["Verify that the user is able to navigate to Introduction page"]]>
              </value>
            </param>
            <param index="1">
              <value>
                <![CDATA["Linked List Functionality"]]>
              </value>
            </param>
          </params>
          <reporter-output>
          </reporter-output>
        </test-method> <!-- runScenario -->
        <test-method signature="runScenario(io.cucumber.testng.PickleWrapper,io.cucumber.testng.FeatureWrapper)[pri:0, instance:dsAlgo_TestRunner.TestRunner@59e505b2]" started-at="2025-02-24T15:08:03 EST" name="runScenario" description="Runs Cucumber Scenarios" data-provider="scenarios" finished-at="2025-02-24T15:08:16 EST" duration-ms="12807" status="PASS">
          <params>
            <param index="0">
              <value>
                <![CDATA["Verify that the user is able to navigate to Try Here >>> page for Introduction page"]]>
              </value>
            </param>
            <param index="1">
              <value>
                <![CDATA["Linked List Functionality"]]>
              </value>
            </param>
          </params>
          <reporter-output>
          </reporter-output>
        </test-method> <!-- runScenario -->
        <test-method signature="runScenario(io.cucumber.testng.PickleWrapper,io.cucumber.testng.FeatureWrapper)[pri:0, instance:dsAlgo_TestRunner.TestRunner@59e505b2]" started-at="2025-02-24T15:08:04 EST" name="runScenario" description="Runs Cucumber Scenarios" data-provider="scenarios" finished-at="2025-02-24T15:08:17 EST" duration-ms="12596" status="PASS">
          <params>
            <param index="0">
              <value>
                <![CDATA["Verify that the user is able to see output for valid, invalid and incorrect syntax Python code is entered for the Introduction page"]]>
              </value>
            </param>
            <param index="1">
              <value>
                <![CDATA["Linked List Functionality"]]>
              </value>
            </param>
          </params>
          <reporter-output>
          </reporter-output>
        </test-method> <!-- runScenario -->
        <test-method signature="runScenario(io.cucumber.testng.PickleWrapper,io.cucumber.testng.FeatureWrapper)[pri:0, instance:dsAlgo_TestRunner.TestRunner@59e505b2]" started-at="2025-02-24T15:08:08 EST" name="runScenario" description="Runs Cucumber Scenarios" data-provider="scenarios" finished-at="2025-02-24T15:08:28 EST" duration-ms="20827" status="PASS">
          <params>
            <param index="0">
              <value>
                <![CDATA["Verify that the user is able to see output for valid, invalid and incorrect syntax Python code is entered for the Introduction page"]]>
              </value>
            </param>
            <param index="1">
              <value>
                <![CDATA["Linked List Functionality"]]>
              </value>
            </param>
          </params>
          <reporter-output>
          </reporter-output>
        </test-method> <!-- runScenario -->
        <test-method signature="runScenario(io.cucumber.testng.PickleWrapper,io.cucumber.testng.FeatureWrapper)[pri:0, instance:dsAlgo_TestRunner.TestRunner@59e505b2]" started-at="2025-02-24T15:08:08 EST" name="runScenario" description="Runs Cucumber Scenarios" data-provider="scenarios" finished-at="2025-02-24T15:08:28 EST" duration-ms="20769" status="PASS">
          <params>
            <param index="0">
              <value>
                <![CDATA["Verify that the user is able to see output for valid, invalid and incorrect syntax Python code is entered for the Introduction page"]]>
              </value>
            </param>
            <param index="1">
              <value>
                <![CDATA["Linked List Functionality"]]>
              </value>
            </param>
          </params>
          <reporter-output>
          </reporter-output>
        </test-method> <!-- runScenario -->
        <test-method signature="runScenario(io.cucumber.testng.PickleWrapper,io.cucumber.testng.FeatureWrapper)[pri:0, instance:dsAlgo_TestRunner.TestRunner@59e505b2]" started-at="2025-02-24T15:08:08 EST" name="runScenario" description="Runs Cucumber Scenarios" data-provider="scenarios" finished-at="2025-02-24T15:08:28 EST" duration-ms="20711" status="PASS">
          <params>
            <param index="0">
              <value>
                <![CDATA["Verify that the user is able to navigate to Introduction page after clicking <- in the Try Editor window"]]>
              </value>
            </param>
            <param index="1">
              <value>
                <![CDATA["Linked List Functionality"]]>
              </value>
            </param>
          </params>
          <reporter-output>
          </reporter-output>
        </test-method> <!-- runScenario -->
        <test-method signature="runScenario(io.cucumber.testng.PickleWrapper,io.cucumber.testng.FeatureWrapper)[pri:0, instance:dsAlgo_TestRunner.TestRunner@59e505b2]" started-at="2025-02-24T15:08:16 EST" name="runScenario" description="Runs Cucumber Scenarios" data-provider="scenarios" finished-at="2025-02-24T15:08:29 EST" duration-ms="13119" status="PASS">
          <params>
            <param index="0">
              <value>
                <![CDATA["Verify that the user is able to navigate to Creating Linked List page"]]>
              </value>
            </param>
            <param index="1">
              <value>
                <![CDATA["Linked List Functionality"]]>
              </value>
            </param>
          </params>
          <reporter-output>
          </reporter-output>
        </test-method> <!-- runScenario -->
        <test-method signature="runScenario(io.cucumber.testng.PickleWrapper,io.cucumber.testng.FeatureWrapper)[pri:0, instance:dsAlgo_TestRunner.TestRunner@59e505b2]" started-at="2025-02-24T15:08:16 EST" name="runScenario" description="Runs Cucumber Scenarios" data-provider="scenarios" finished-at="2025-02-24T15:08:28 EST" duration-ms="12393" status="PASS">
          <params>
            <param index="0">
              <value>
                <![CDATA["Verify that the user is able to navigate to Try Here >>> page for Creating Linked List page"]]>
              </value>
            </param>
            <param index="1">
              <value>
                <![CDATA["Linked List Functionality"]]>
              </value>
            </param>
          </params>
          <reporter-output>
          </reporter-output>
        </test-method> <!-- runScenario -->
        <test-method signature="runScenario(io.cucumber.testng.PickleWrapper,io.cucumber.testng.FeatureWrapper)[pri:0, instance:dsAlgo_TestRunner.TestRunner@59e505b2]" started-at="2025-02-24T15:08:16 EST" name="runScenario" description="Runs Cucumber Scenarios" data-provider="scenarios" finished-at="2025-02-24T15:08:39 EST" duration-ms="23040" status="PASS">
          <params>
            <param index="0">
              <value>
                <![CDATA["Verify that the user is able to see output for valid, invalid and incorrect syntax Python code is entered for the Creating Linked List page"]]>
              </value>
            </param>
            <param index="1">
              <value>
                <![CDATA["Linked List Functionality"]]>
              </value>
            </param>
          </params>
          <reporter-output>
          </reporter-output>
        </test-method> <!-- runScenario -->
        <test-method signature="runScenario(io.cucumber.testng.PickleWrapper,io.cucumber.testng.FeatureWrapper)[pri:0, instance:dsAlgo_TestRunner.TestRunner@59e505b2]" started-at="2025-02-24T15:08:16 EST" name="runScenario" description="Runs Cucumber Scenarios" data-provider="scenarios" finished-at="2025-02-24T15:08:39 EST" duration-ms="22992" status="PASS">
          <params>
            <param index="0">
              <value>
                <![CDATA["Verify that the user is able to see output for valid, invalid and incorrect syntax Python code is entered for the Creating Linked List page"]]>
              </value>
            </param>
            <param index="1">
              <value>
                <![CDATA["Linked List Functionality"]]>
              </value>
            </param>
          </params>
          <reporter-output>
          </reporter-output>
        </test-method> <!-- runScenario -->
        <test-method signature="runScenario(io.cucumber.testng.PickleWrapper,io.cucumber.testng.FeatureWrapper)[pri:0, instance:dsAlgo_TestRunner.TestRunner@59e505b2]" started-at="2025-02-24T15:08:16 EST" name="runScenario" description="Runs Cucumber Scenarios" data-provider="scenarios" finished-at="2025-02-24T15:08:39 EST" duration-ms="23200" status="PASS">
          <params>
            <param index="0">
              <value>
                <![CDATA["Verify that the user is able to see output for valid, invalid and incorrect syntax Python code is entered for the Creating Linked List page"]]>
              </value>
            </param>
            <param index="1">
              <value>
                <![CDATA["Linked List Functionality"]]>
              </value>
            </param>
          </params>
          <reporter-output>
          </reporter-output>
        </test-method> <!-- runScenario -->
        <test-method signature="runScenario(io.cucumber.testng.PickleWrapper,io.cucumber.testng.FeatureWrapper)[pri:0, instance:dsAlgo_TestRunner.TestRunner@59e505b2]" started-at="2025-02-24T15:08:16 EST" name="runScenario" description="Runs Cucumber Scenarios" data-provider="scenarios" finished-at="2025-02-24T15:08:40 EST" duration-ms="23595" status="PASS">
          <params>
            <param index="0">
              <value>
                <![CDATA["Verify that the user is able to navigate to Creating Linked List page after clicking <- in the Try Editor window"]]>
              </value>
            </param>
            <param index="1">
              <value>
                <![CDATA["Linked List Functionality"]]>
              </value>
            </param>
          </params>
          <reporter-output>
          </reporter-output>
        </test-method> <!-- runScenario -->
        <test-method signature="runScenario(io.cucumber.testng.PickleWrapper,io.cucumber.testng.FeatureWrapper)[pri:0, instance:dsAlgo_TestRunner.TestRunner@59e505b2]" started-at="2025-02-24T15:08:17 EST" name="runScenario" description="Runs Cucumber Scenarios" data-provider="scenarios" finished-at="2025-02-24T15:08:29 EST" duration-ms="12231" status="PASS">
          <params>
            <param index="0">
              <value>
                <![CDATA["Verify that the user is able to navigate to Types of Linked List page"]]>
              </value>
            </param>
            <param index="1">
              <value>
                <![CDATA["Linked List Functionality"]]>
              </value>
            </param>
          </params>
          <reporter-output>
          </reporter-output>
        </test-method> <!-- runScenario -->
        <test-method signature="runScenario(io.cucumber.testng.PickleWrapper,io.cucumber.testng.FeatureWrapper)[pri:0, instance:dsAlgo_TestRunner.TestRunner@59e505b2]" started-at="2025-02-24T15:08:28 EST" name="runScenario" description="Runs Cucumber Scenarios" data-provider="scenarios" finished-at="2025-02-24T15:08:48 EST" duration-ms="20069" status="PASS">
          <params>
            <param index="0">
              <value>
                <![CDATA["Verify that the user is able to navigate to Try Here >>> page for Types of Linked List page"]]>
              </value>
            </param>
            <param index="1">
              <value>
                <![CDATA["Linked List Functionality"]]>
              </value>
            </param>
          </params>
          <reporter-output>
          </reporter-output>
        </test-method> <!-- runScenario -->
        <test-method signature="runScenario(io.cucumber.testng.PickleWrapper,io.cucumber.testng.FeatureWrapper)[pri:0, instance:dsAlgo_TestRunner.TestRunner@59e505b2]" started-at="2025-02-24T15:08:28 EST" name="runScenario" description="Runs Cucumber Scenarios" data-provider="scenarios" finished-at="2025-02-24T15:08:48 EST" duration-ms="20075" status="PASS">
          <params>
            <param index="0">
              <value>
                <![CDATA["Verify that the user is able to see output for valid, invalid and incorrect syntax Python code is entered for the Types of Linked List page"]]>
              </value>
            </param>
            <param index="1">
              <value>
                <![CDATA["Linked List Functionality"]]>
              </value>
            </param>
          </params>
          <reporter-output>
          </reporter-output>
        </test-method> <!-- runScenario -->
        <test-method signature="runScenario(io.cucumber.testng.PickleWrapper,io.cucumber.testng.FeatureWrapper)[pri:0, instance:dsAlgo_TestRunner.TestRunner@59e505b2]" started-at="2025-02-24T15:08:28 EST" name="runScenario" description="Runs Cucumber Scenarios" data-provider="scenarios" finished-at="2025-02-24T15:08:48 EST" duration-ms="20062" status="PASS">
          <params>
            <param index="0">
              <value>
                <![CDATA["Verify that the user is able to see output for valid, invalid and incorrect syntax Python code is entered for the Types of Linked List page"]]>
              </value>
            </param>
            <param index="1">
              <value>
                <![CDATA["Linked List Functionality"]]>
              </value>
            </param>
          </params>
          <reporter-output>
          </reporter-output>
        </test-method> <!-- runScenario -->
        <test-method signature="runScenario(io.cucumber.testng.PickleWrapper,io.cucumber.testng.FeatureWrapper)[pri:0, instance:dsAlgo_TestRunner.TestRunner@59e505b2]" started-at="2025-02-24T15:08:28 EST" name="runScenario" description="Runs Cucumber Scenarios" data-provider="scenarios" finished-at="2025-02-24T15:08:48 EST" duration-ms="19982" status="PASS">
          <params>
            <param index="0">
              <value>
                <![CDATA["Verify that the user is able to see output for valid, invalid and incorrect syntax Python code is entered for the Types of Linked List page"]]>
              </value>
            </param>
            <param index="1">
              <value>
                <![CDATA["Linked List Functionality"]]>
              </value>
            </param>
          </params>
          <reporter-output>
          </reporter-output>
        </test-method> <!-- runScenario -->
        <test-method signature="runScenario(io.cucumber.testng.PickleWrapper,io.cucumber.testng.FeatureWrapper)[pri:0, instance:dsAlgo_TestRunner.TestRunner@59e505b2]" started-at="2025-02-24T15:08:29 EST" name="runScenario" description="Runs Cucumber Scenarios" data-provider="scenarios" finished-at="2025-02-24T15:08:48 EST" duration-ms="19629" status="PASS">
          <params>
            <param index="0">
              <value>
                <![CDATA["Verify that the user is able to navigate to Types of Linked List page after clicking <- in the Try Editor window"]]>
              </value>
            </param>
            <param index="1">
              <value>
                <![CDATA["Linked List Functionality"]]>
              </value>
            </param>
          </params>
          <reporter-output>
          </reporter-output>
        </test-method> <!-- runScenario -->
        <test-method signature="runScenario(io.cucumber.testng.PickleWrapper,io.cucumber.testng.FeatureWrapper)[pri:0, instance:dsAlgo_TestRunner.TestRunner@59e505b2]" started-at="2025-02-24T15:08:29 EST" name="runScenario" description="Runs Cucumber Scenarios" data-provider="scenarios" finished-at="2025-02-24T15:08:44 EST" duration-ms="15296" status="PASS">
          <params>
            <param index="0">
              <value>
                <![CDATA["Verify that the user is able to navigate to Implement Linked List in Python page"]]>
              </value>
            </param>
            <param index="1">
              <value>
                <![CDATA["Linked List Functionality"]]>
              </value>
            </param>
          </params>
          <reporter-output>
          </reporter-output>
        </test-method> <!-- runScenario -->
        <test-method signature="runScenario(io.cucumber.testng.PickleWrapper,io.cucumber.testng.FeatureWrapper)[pri:0, instance:dsAlgo_TestRunner.TestRunner@59e505b2]" started-at="2025-02-24T15:08:39 EST" name="runScenario" description="Runs Cucumber Scenarios" data-provider="scenarios" finished-at="2025-02-24T15:08:56 EST" duration-ms="17201" status="PASS">
          <params>
            <param index="0">
              <value>
                <![CDATA["Verify that the user is able to navigate to Try Here >>> page for Implement Linked List in Python page"]]>
              </value>
            </param>
            <param index="1">
              <value>
                <![CDATA["Linked List Functionality"]]>
              </value>
            </param>
          </params>
          <reporter-output>
          </reporter-output>
        </test-method> <!-- runScenario -->
        <test-method signature="runScenario(io.cucumber.testng.PickleWrapper,io.cucumber.testng.FeatureWrapper)[pri:0, instance:dsAlgo_TestRunner.TestRunner@59e505b2]" started-at="2025-02-24T15:08:39 EST" name="runScenario" description="Runs Cucumber Scenarios" data-provider="scenarios" finished-at="2025-02-24T15:08:59 EST" duration-ms="19649" status="PASS">
          <params>
            <param index="0">
              <value>
                <![CDATA["Verify that the user is able to see output for valid, invalid and incorrect syntax Python code is entered for the Implement Linked List in Python page"]]>
              </value>
            </param>
            <param index="1">
              <value>
                <![CDATA["Linked List Functionality"]]>
              </value>
            </param>
          </params>
          <reporter-output>
          </reporter-output>
        </test-method> <!-- runScenario -->
        <test-method signature="runScenario(io.cucumber.testng.PickleWrapper,io.cucumber.testng.FeatureWrapper)[pri:0, instance:dsAlgo_TestRunner.TestRunner@59e505b2]" started-at="2025-02-24T15:08:39 EST" name="runScenario" description="Runs Cucumber Scenarios" data-provider="scenarios" finished-at="2025-02-24T15:08:59 EST" duration-ms="19575" status="PASS">
          <params>
            <param index="0">
              <value>
                <![CDATA["Verify that the user is able to see output for valid, invalid and incorrect syntax Python code is entered for the Implement Linked List in Python page"]]>
              </value>
            </param>
            <param index="1">
              <value>
                <![CDATA["Linked List Functionality"]]>
              </value>
            </param>
          </params>
          <reporter-output>
          </reporter-output>
        </test-method> <!-- runScenario -->
        <test-method signature="runScenario(io.cucumber.testng.PickleWrapper,io.cucumber.testng.FeatureWrapper)[pri:0, instance:dsAlgo_TestRunner.TestRunner@59e505b2]" started-at="2025-02-24T15:08:40 EST" name="runScenario" description="Runs Cucumber Scenarios" data-provider="scenarios" finished-at="2025-02-24T15:08:59 EST" duration-ms="19095" status="PASS">
          <params>
            <param index="0">
              <value>
                <![CDATA["Verify that the user is able to see output for valid, invalid and incorrect syntax Python code is entered for the Implement Linked List in Python page"]]>
              </value>
            </param>
            <param index="1">
              <value>
                <![CDATA["Linked List Functionality"]]>
              </value>
            </param>
          </params>
          <reporter-output>
          </reporter-output>
        </test-method> <!-- runScenario -->
        <test-method signature="runScenario(io.cucumber.testng.PickleWrapper,io.cucumber.testng.FeatureWrapper)[pri:0, instance:dsAlgo_TestRunner.TestRunner@59e505b2]" started-at="2025-02-24T15:08:44 EST" name="runScenario" description="Runs Cucumber Scenarios" data-provider="scenarios" finished-at="2025-02-24T15:08:59 EST" duration-ms="14742" status="PASS">
          <params>
            <param index="0">
              <value>
                <![CDATA["Verify that the user is able to navigate to Implement Linked List in Python page after clicking <- in the Try Editor window"]]>
              </value>
            </param>
            <param index="1">
              <value>
                <![CDATA["Linked List Functionality"]]>
              </value>
            </param>
          </params>
          <reporter-output>
          </reporter-output>
        </test-method> <!-- runScenario -->
        <test-method signature="runScenario(io.cucumber.testng.PickleWrapper,io.cucumber.testng.FeatureWrapper)[pri:0, instance:dsAlgo_TestRunner.TestRunner@59e505b2]" started-at="2025-02-24T15:08:48 EST" name="runScenario" description="Runs Cucumber Scenarios" data-provider="scenarios" finished-at="2025-02-24T15:09:09 EST" duration-ms="20170" status="PASS">
          <params>
            <param index="0">
              <value>
                <![CDATA["Verify that the user is able to navigate to Traversal page"]]>
              </value>
            </param>
            <param index="1">
              <value>
                <![CDATA["Linked List Functionality"]]>
              </value>
            </param>
          </params>
          <reporter-output>
          </reporter-output>
        </test-method> <!-- runScenario -->
        <test-method signature="runScenario(io.cucumber.testng.PickleWrapper,io.cucumber.testng.FeatureWrapper)[pri:0, instance:dsAlgo_TestRunner.TestRunner@59e505b2]" started-at="2025-02-24T15:08:48 EST" name="runScenario" description="Runs Cucumber Scenarios" data-provider="scenarios" finished-at="2025-02-24T15:09:09 EST" duration-ms="20151" status="PASS">
          <params>
            <param index="0">
              <value>
                <![CDATA["Verify that the user is able to navigate to Try Here >>> page for Traversal page"]]>
              </value>
            </param>
            <param index="1">
              <value>
                <![CDATA["Linked List Functionality"]]>
              </value>
            </param>
          </params>
          <reporter-output>
          </reporter-output>
        </test-method> <!-- runScenario -->
        <test-method signature="runScenario(io.cucumber.testng.PickleWrapper,io.cucumber.testng.FeatureWrapper)[pri:0, instance:dsAlgo_TestRunner.TestRunner@59e505b2]" started-at="2025-02-24T15:08:48 EST" name="runScenario" description="Runs Cucumber Scenarios" data-provider="scenarios" finished-at="2025-02-24T15:09:09 EST" duration-ms="20308" status="PASS">
          <params>
            <param index="0">
              <value>
                <![CDATA["Verify that the user is able to see output for valid, invalid and incorrect syntax Python code is entered for the Traversal page"]]>
              </value>
            </param>
            <param index="1">
              <value>
                <![CDATA["Linked List Functionality"]]>
              </value>
            </param>
          </params>
          <reporter-output>
          </reporter-output>
        </test-method> <!-- runScenario -->
        <test-method signature="runScenario(io.cucumber.testng.PickleWrapper,io.cucumber.testng.FeatureWrapper)[pri:0, instance:dsAlgo_TestRunner.TestRunner@59e505b2]" started-at="2025-02-24T15:08:48 EST" name="runScenario" description="Runs Cucumber Scenarios" data-provider="scenarios" finished-at="2025-02-24T15:09:09 EST" duration-ms="20136" status="PASS">
          <params>
            <param index="0">
              <value>
                <![CDATA["Verify that the user is able to see output for valid, invalid and incorrect syntax Python code is entered for the Traversal page"]]>
              </value>
            </param>
            <param index="1">
              <value>
                <![CDATA["Linked List Functionality"]]>
              </value>
            </param>
          </params>
          <reporter-output>
          </reporter-output>
        </test-method> <!-- runScenario -->
        <test-method signature="runScenario(io.cucumber.testng.PickleWrapper,io.cucumber.testng.FeatureWrapper)[pri:0, instance:dsAlgo_TestRunner.TestRunner@59e505b2]" started-at="2025-02-24T15:08:48 EST" name="runScenario" description="Runs Cucumber Scenarios" data-provider="scenarios" finished-at="2025-02-24T15:09:09 EST" duration-ms="20272" status="PASS">
          <params>
            <param index="0">
              <value>
                <![CDATA["Verify that the user is able to see output for valid, invalid and incorrect syntax Python code is entered for the Traversal page"]]>
              </value>
            </param>
            <param index="1">
              <value>
                <![CDATA["Linked List Functionality"]]>
              </value>
            </param>
          </params>
          <reporter-output>
          </reporter-output>
        </test-method> <!-- runScenario -->
        <test-method signature="runScenario(io.cucumber.testng.PickleWrapper,io.cucumber.testng.FeatureWrapper)[pri:0, instance:dsAlgo_TestRunner.TestRunner@59e505b2]" started-at="2025-02-24T15:08:56 EST" name="runScenario" description="Runs Cucumber Scenarios" data-provider="scenarios" finished-at="2025-02-24T15:09:16 EST" duration-ms="20045" status="PASS">
          <params>
            <param index="0">
              <value>
                <![CDATA["Verify that the user is able to navigate to Traversal page after clicking <- in the Try Editor window"]]>
              </value>
            </param>
            <param index="1">
              <value>
                <![CDATA["Linked List Functionality"]]>
              </value>
            </param>
          </params>
          <reporter-output>
          </reporter-output>
        </test-method> <!-- runScenario -->
        <test-method signature="runScenario(io.cucumber.testng.PickleWrapper,io.cucumber.testng.FeatureWrapper)[pri:0, instance:dsAlgo_TestRunner.TestRunner@59e505b2]" started-at="2025-02-24T15:08:59 EST" name="runScenario" description="Runs Cucumber Scenarios" data-provider="scenarios" finished-at="2025-02-24T15:09:19 EST" duration-ms="19850" status="PASS">
          <params>
            <param index="0">
              <value>
                <![CDATA["Verify that the user is able to navigate to Insertion page"]]>
              </value>
            </param>
            <param index="1">
              <value>
                <![CDATA["Linked List Functionality"]]>
              </value>
            </param>
          </params>
          <reporter-output>
          </reporter-output>
        </test-method> <!-- runScenario -->
        <test-method signature="runScenario(io.cucumber.testng.PickleWrapper,io.cucumber.testng.FeatureWrapper)[pri:0, instance:dsAlgo_TestRunner.TestRunner@59e505b2]" started-at="2025-02-24T15:08:59 EST" name="runScenario" description="Runs Cucumber Scenarios" data-provider="scenarios" finished-at="2025-02-24T15:09:19 EST" duration-ms="19766" status="PASS">
          <params>
            <param index="0">
              <value>
                <![CDATA["Verify that the user is able to navigate to Try Here >>> page for Insertion page"]]>
              </value>
            </param>
            <param index="1">
              <value>
                <![CDATA["Linked List Functionality"]]>
              </value>
            </param>
          </params>
          <reporter-output>
          </reporter-output>
        </test-method> <!-- runScenario -->
        <test-method signature="runScenario(io.cucumber.testng.PickleWrapper,io.cucumber.testng.FeatureWrapper)[pri:0, instance:dsAlgo_TestRunner.TestRunner@59e505b2]" started-at="2025-02-24T15:08:59 EST" name="runScenario" description="Runs Cucumber Scenarios" data-provider="scenarios" finished-at="2025-02-24T15:09:19 EST" duration-ms="19619" status="PASS">
          <params>
            <param index="0">
              <value>
                <![CDATA["Verify that the user is able to see output for valid, invalid and incorrect syntax Python code is entered for the Insertion page"]]>
              </value>
            </param>
            <param index="1">
              <value>
                <![CDATA["Linked List Functionality"]]>
              </value>
            </param>
          </params>
          <reporter-output>
          </reporter-output>
        </test-method> <!-- runScenario -->
        <test-method signature="runScenario(io.cucumber.testng.PickleWrapper,io.cucumber.testng.FeatureWrapper)[pri:0, instance:dsAlgo_TestRunner.TestRunner@59e505b2]" started-at="2025-02-24T15:08:59 EST" name="runScenario" description="Runs Cucumber Scenarios" data-provider="scenarios" finished-at="2025-02-24T15:09:19 EST" duration-ms="19461" status="PASS">
          <params>
            <param index="0">
              <value>
                <![CDATA["Verify that the user is able to see output for valid, invalid and incorrect syntax Python code is entered for the Insertion page"]]>
              </value>
            </param>
            <param index="1">
              <value>
                <![CDATA["Linked List Functionality"]]>
              </value>
            </param>
          </params>
          <reporter-output>
          </reporter-output>
        </test-method> <!-- runScenario -->
        <test-method signature="runScenario(io.cucumber.testng.PickleWrapper,io.cucumber.testng.FeatureWrapper)[pri:0, instance:dsAlgo_TestRunner.TestRunner@59e505b2]" started-at="2025-02-24T15:09:09 EST" name="runScenario" description="Runs Cucumber Scenarios" data-provider="scenarios" finished-at="2025-02-24T15:09:29 EST" duration-ms="20829" status="PASS">
          <params>
            <param index="0">
              <value>
                <![CDATA["Verify that the user is able to see output for valid, invalid and incorrect syntax Python code is entered for the Insertion page"]]>
              </value>
            </param>
            <param index="1">
              <value>
                <![CDATA["Linked List Functionality"]]>
              </value>
            </param>
          </params>
          <reporter-output>
          </reporter-output>
        </test-method> <!-- runScenario -->
        <test-method signature="runScenario(io.cucumber.testng.PickleWrapper,io.cucumber.testng.FeatureWrapper)[pri:0, instance:dsAlgo_TestRunner.TestRunner@59e505b2]" started-at="2025-02-24T15:09:09 EST" name="runScenario" description="Runs Cucumber Scenarios" data-provider="scenarios" finished-at="2025-02-24T15:09:29 EST" duration-ms="20494" status="PASS">
          <params>
            <param index="0">
              <value>
                <![CDATA["Verify that the user is able to navigate to Insertion page after clicking <- in the Try Editor window"]]>
              </value>
            </param>
            <param index="1">
              <value>
                <![CDATA["Linked List Functionality"]]>
              </value>
            </param>
          </params>
          <reporter-output>
          </reporter-output>
        </test-method> <!-- runScenario -->
        <test-method signature="runScenario(io.cucumber.testng.PickleWrapper,io.cucumber.testng.FeatureWrapper)[pri:0, instance:dsAlgo_TestRunner.TestRunner@59e505b2]" started-at="2025-02-24T15:09:09 EST" name="runScenario" description="Runs Cucumber Scenarios" data-provider="scenarios" finished-at="2025-02-24T15:09:29 EST" duration-ms="20437" status="PASS">
          <params>
            <param index="0">
              <value>
                <![CDATA["Verify that the user is able to navigate to Deletion page"]]>
              </value>
            </param>
            <param index="1">
              <value>
                <![CDATA["Linked List Functionality"]]>
              </value>
            </param>
          </params>
          <reporter-output>
          </reporter-output>
        </test-method> <!-- runScenario -->
        <test-method signature="runScenario(io.cucumber.testng.PickleWrapper,io.cucumber.testng.FeatureWrapper)[pri:0, instance:dsAlgo_TestRunner.TestRunner@59e505b2]" started-at="2025-02-24T15:09:09 EST" name="runScenario" description="Runs Cucumber Scenarios" data-provider="scenarios" finished-at="2025-02-24T15:09:29 EST" duration-ms="20311" status="PASS">
          <params>
            <param index="0">
              <value>
                <![CDATA["Verify that the user is able to navigate to Try Here >>> page for Deletion page"]]>
              </value>
            </param>
            <param index="1">
              <value>
                <![CDATA["Linked List Functionality"]]>
              </value>
            </param>
          </params>
          <reporter-output>
          </reporter-output>
        </test-method> <!-- runScenario -->
        <test-method signature="runScenario(io.cucumber.testng.PickleWrapper,io.cucumber.testng.FeatureWrapper)[pri:0, instance:dsAlgo_TestRunner.TestRunner@59e505b2]" started-at="2025-02-24T15:09:09 EST" name="runScenario" description="Runs Cucumber Scenarios" data-provider="scenarios" finished-at="2025-02-24T15:09:29 EST" duration-ms="20320" status="PASS">
          <params>
            <param index="0">
              <value>
                <![CDATA["Verify that the user is able to see output for valid, invalid and incorrect syntax Python code is entered for the Deletion page"]]>
              </value>
            </param>
            <param index="1">
              <value>
                <![CDATA["Linked List Functionality"]]>
              </value>
            </param>
          </params>
          <reporter-output>
          </reporter-output>
        </test-method> <!-- runScenario -->
        <test-method signature="runScenario(io.cucumber.testng.PickleWrapper,io.cucumber.testng.FeatureWrapper)[pri:0, instance:dsAlgo_TestRunner.TestRunner@59e505b2]" started-at="2025-02-24T15:09:16 EST" name="runScenario" description="Runs Cucumber Scenarios" data-provider="scenarios" finished-at="2025-02-24T15:09:31 EST" duration-ms="14377" status="PASS">
          <params>
            <param index="0">
              <value>
                <![CDATA["Verify that the user is able to see output for valid, invalid and incorrect syntax Python code is entered for the Deletion page"]]>
              </value>
            </param>
            <param index="1">
              <value>
                <![CDATA["Linked List Functionality"]]>
              </value>
            </param>
          </params>
          <reporter-output>
          </reporter-output>
        </test-method> <!-- runScenario -->
        <test-method signature="runScenario(io.cucumber.testng.PickleWrapper,io.cucumber.testng.FeatureWrapper)[pri:0, instance:dsAlgo_TestRunner.TestRunner@59e505b2]" started-at="2025-02-24T15:09:19 EST" name="runScenario" description="Runs Cucumber Scenarios" data-provider="scenarios" finished-at="2025-02-24T15:09:40 EST" duration-ms="21697" status="PASS">
          <params>
            <param index="0">
              <value>
                <![CDATA["Verify that the user is able to see output for valid, invalid and incorrect syntax Python code is entered for the Deletion page"]]>
              </value>
            </param>
            <param index="1">
              <value>
                <![CDATA["Linked List Functionality"]]>
              </value>
            </param>
          </params>
          <reporter-output>
          </reporter-output>
        </test-method> <!-- runScenario -->
        <test-method signature="runScenario(io.cucumber.testng.PickleWrapper,io.cucumber.testng.FeatureWrapper)[pri:0, instance:dsAlgo_TestRunner.TestRunner@59e505b2]" started-at="2025-02-24T15:09:19 EST" name="runScenario" description="Runs Cucumber Scenarios" data-provider="scenarios" finished-at="2025-02-24T15:09:40 EST" duration-ms="21702" status="PASS">
          <params>
            <param index="0">
              <value>
                <![CDATA["Verify that the user is able to navigate to Deletion page after clicking <- in the Try Editor window"]]>
              </value>
            </param>
            <param index="1">
              <value>
                <![CDATA["Linked List Functionality"]]>
              </value>
            </param>
          </params>
          <reporter-output>
          </reporter-output>
        </test-method> <!-- runScenario -->
        <test-method signature="runScenario(io.cucumber.testng.PickleWrapper,io.cucumber.testng.FeatureWrapper)[pri:0, instance:dsAlgo_TestRunner.TestRunner@59e505b2]" started-at="2025-02-24T15:09:19 EST" name="runScenario" description="Runs Cucumber Scenarios" data-provider="scenarios" finished-at="2025-02-24T15:09:40 EST" duration-ms="21695" status="PASS">
          <params>
            <param index="0">
              <value>
                <![CDATA["Verify whether the user is able to navigate to Practice Questions page after clicking Practice Questions link in the Linked List page"]]>
              </value>
            </param>
            <param index="1">
              <value>
                <![CDATA["Linked List Functionality"]]>
              </value>
            </param>
          </params>
          <reporter-output>
          </reporter-output>
        </test-method> <!-- runScenario -->
        <test-method signature="runScenario(io.cucumber.testng.PickleWrapper,io.cucumber.testng.FeatureWrapper)[pri:0, instance:dsAlgo_TestRunner.TestRunner@59e505b2]" started-at="2025-02-24T15:09:19 EST" name="runScenario" description="Runs Cucumber Scenarios" data-provider="scenarios" finished-at="2025-02-24T15:09:31 EST" duration-ms="12141" status="PASS">
          <params>
            <param index="0">
              <value>
                <![CDATA["Verify user enters username and password fields"]]>
              </value>
            </param>
            <param index="1">
              <value>
                <![CDATA["Login Functionality"]]>
              </value>
            </param>
          </params>
          <reporter-output>
          </reporter-output>
        </test-method> <!-- runScenario -->
        <test-method signature="runScenario(io.cucumber.testng.PickleWrapper,io.cucumber.testng.FeatureWrapper)[pri:0, instance:dsAlgo_TestRunner.TestRunner@59e505b2]" started-at="2025-02-24T15:09:29 EST" name="runScenario" description="Runs Cucumber Scenarios" data-provider="scenarios" finished-at="2025-02-24T15:09:40 EST" duration-ms="11383" status="PASS">
          <params>
            <param index="0">
              <value>
                <![CDATA["Verify user receives error message when username and password fields are blank during Login"]]>
              </value>
            </param>
            <param index="1">
              <value>
                <![CDATA["Login Functionality"]]>
              </value>
            </param>
          </params>
          <reporter-output>
          </reporter-output>
        </test-method> <!-- runScenario -->
        <test-method signature="runScenario(io.cucumber.testng.PickleWrapper,io.cucumber.testng.FeatureWrapper)[pri:0, instance:dsAlgo_TestRunner.TestRunner@59e505b2]" started-at="2025-02-24T15:09:29 EST" name="runScenario" description="Runs Cucumber Scenarios" data-provider="scenarios" finished-at="2025-02-24T15:09:40 EST" duration-ms="11361" status="PASS">
          <params>
            <param index="0">
              <value>
                <![CDATA["Verify user receives error message when username and password fields are blank during Login"]]>
              </value>
            </param>
            <param index="1">
              <value>
                <![CDATA["Login Functionality"]]>
              </value>
            </param>
          </params>
          <reporter-output>
          </reporter-output>
        </test-method> <!-- runScenario -->
        <test-method signature="runScenario(io.cucumber.testng.PickleWrapper,io.cucumber.testng.FeatureWrapper)[pri:0, instance:dsAlgo_TestRunner.TestRunner@59e505b2]" started-at="2025-02-24T15:09:29 EST" name="runScenario" description="Runs Cucumber Scenarios" data-provider="scenarios" finished-at="2025-02-24T15:09:40 EST" duration-ms="11394" status="PASS">
          <params>
            <param index="0">
              <value>
                <![CDATA["Verify user receives error message for Invalid Username and Password during Login"]]>
              </value>
            </param>
            <param index="1">
              <value>
                <![CDATA["Login Functionality"]]>
              </value>
            </param>
          </params>
          <reporter-output>
          </reporter-output>
        </test-method> <!-- runScenario -->
        <test-method signature="runScenario(io.cucumber.testng.PickleWrapper,io.cucumber.testng.FeatureWrapper)[pri:0, instance:dsAlgo_TestRunner.TestRunner@59e505b2]" started-at="2025-02-24T15:09:29 EST" name="runScenario" description="Runs Cucumber Scenarios" data-provider="scenarios" finished-at="2025-02-24T15:09:41 EST" duration-ms="11716" status="PASS">
          <params>
            <param index="0">
              <value>
                <![CDATA["Verify user receives error message for Invalid Username and Password during Login"]]>
              </value>
            </param>
            <param index="1">
              <value>
                <![CDATA["Login Functionality"]]>
              </value>
            </param>
          </params>
          <reporter-output>
          </reporter-output>
        </test-method> <!-- runScenario -->
        <test-method signature="runScenario(io.cucumber.testng.PickleWrapper,io.cucumber.testng.FeatureWrapper)[pri:0, instance:dsAlgo_TestRunner.TestRunner@59e505b2]" started-at="2025-02-24T15:09:29 EST" name="runScenario" description="Runs Cucumber Scenarios" data-provider="scenarios" finished-at="2025-02-24T15:09:40 EST" duration-ms="10972" status="PASS">
          <params>
            <param index="0">
              <value>
                <![CDATA["Verify that the user is able to navigate to the home page"]]>
              </value>
            </param>
            <param index="1">
              <value>
                <![CDATA["Register Page"]]>
              </value>
            </param>
          </params>
          <reporter-output>
          </reporter-output>
        </test-method> <!-- runScenario -->
        <test-method signature="runScenario(io.cucumber.testng.PickleWrapper,io.cucumber.testng.FeatureWrapper)[pri:0, instance:dsAlgo_TestRunner.TestRunner@59e505b2]" started-at="2025-02-24T15:09:31 EST" name="runScenario" description="Runs Cucumber Scenarios" data-provider="scenarios" finished-at="2025-02-24T15:09:40 EST" duration-ms="9710" status="PASS">
          <params>
            <param index="0">
              <value>
                <![CDATA["Verify that User is able to launch ds-algo portal"]]>
              </value>
            </param>
            <param index="1">
              <value>
                <![CDATA["Register Page"]]>
              </value>
            </param>
          </params>
          <reporter-output>
          </reporter-output>
        </test-method> <!-- runScenario -->
        <test-method signature="runScenario(io.cucumber.testng.PickleWrapper,io.cucumber.testng.FeatureWrapper)[pri:0, instance:dsAlgo_TestRunner.TestRunner@59e505b2]" started-at="2025-02-24T15:09:31 EST" name="runScenario" description="Runs Cucumber Scenarios" data-provider="scenarios" finished-at="2025-02-24T15:09:41 EST" duration-ms="10592" status="PASS">
          <params>
            <param index="0">
              <value>
                <![CDATA["Verify that the user is able to enter username in the username field"]]>
              </value>
            </param>
            <param index="1">
              <value>
                <![CDATA["Register Page"]]>
              </value>
            </param>
          </params>
          <reporter-output>
          </reporter-output>
        </test-method> <!-- runScenario -->
        <test-method signature="runScenario(io.cucumber.testng.PickleWrapper,io.cucumber.testng.FeatureWrapper)[pri:0, instance:dsAlgo_TestRunner.TestRunner@59e505b2]" started-at="2025-02-24T15:09:40 EST" name="runScenario" description="Runs Cucumber Scenarios" data-provider="scenarios" finished-at="2025-02-24T15:09:57 EST" duration-ms="16233" status="PASS">
          <params>
            <param index="0">
              <value>
                <![CDATA["Verify that the user is able to enter username in the username field"]]>
              </value>
            </param>
            <param index="1">
              <value>
                <![CDATA["Register Page"]]>
              </value>
            </param>
          </params>
          <reporter-output>
          </reporter-output>
        </test-method> <!-- runScenario -->
        <test-method signature="runScenario(io.cucumber.testng.PickleWrapper,io.cucumber.testng.FeatureWrapper)[pri:0, instance:dsAlgo_TestRunner.TestRunner@59e505b2]" started-at="2025-02-24T15:09:40 EST" name="runScenario" description="Runs Cucumber Scenarios" data-provider="scenarios" finished-at="2025-02-24T15:09:56 EST" duration-ms="15660" status="PASS">
          <params>
            <param index="0">
              <value>
                <![CDATA["Verify that the user is able to enter username in the username field"]]>
              </value>
            </param>
            <param index="1">
              <value>
                <![CDATA["Register Page"]]>
              </value>
            </param>
          </params>
          <reporter-output>
          </reporter-output>
        </test-method> <!-- runScenario -->
        <test-method signature="runScenario(io.cucumber.testng.PickleWrapper,io.cucumber.testng.FeatureWrapper)[pri:0, instance:dsAlgo_TestRunner.TestRunner@59e505b2]" started-at="2025-02-24T15:09:40 EST" name="runScenario" description="Runs Cucumber Scenarios" data-provider="scenarios" finished-at="2025-02-24T15:09:56 EST" duration-ms="15958" status="PASS">
          <params>
            <param index="0">
              <value>
                <![CDATA["Verify that the user is able to enter username in the username field"]]>
              </value>
            </param>
            <param index="1">
              <value>
                <![CDATA["Register Page"]]>
              </value>
            </param>
          </params>
          <reporter-output>
          </reporter-output>
        </test-method> <!-- runScenario -->
        <test-method signature="runScenario(io.cucumber.testng.PickleWrapper,io.cucumber.testng.FeatureWrapper)[pri:0, instance:dsAlgo_TestRunner.TestRunner@59e505b2]" started-at="2025-02-24T15:09:40 EST" name="runScenario" description="Runs Cucumber Scenarios" data-provider="scenarios" finished-at="2025-02-24T15:09:56 EST" duration-ms="15164" status="PASS">
          <params>
            <param index="0">
              <value>
                <![CDATA["Verify that the user is able to get an error message when username (with special characters other than @) in the username field in the Register page is entered"]]>
              </value>
            </param>
            <param index="1">
              <value>
                <![CDATA["Register Page"]]>
              </value>
            </param>
          </params>
          <reporter-output>
          </reporter-output>
        </test-method> <!-- runScenario -->
        <test-method signature="runScenario(io.cucumber.testng.PickleWrapper,io.cucumber.testng.FeatureWrapper)[pri:0, instance:dsAlgo_TestRunner.TestRunner@59e505b2]" started-at="2025-02-24T15:09:40 EST" name="runScenario" description="Runs Cucumber Scenarios" data-provider="scenarios" finished-at="2025-02-24T15:09:55 EST" duration-ms="15100" status="PASS">
          <params>
            <param index="0">
              <value>
                <![CDATA["Verify that the user is able to get an error message when username (with special characters other than @) in the username field in the Register page is entered"]]>
              </value>
            </param>
            <param index="1">
              <value>
                <![CDATA["Register Page"]]>
              </value>
            </param>
          </params>
          <reporter-output>
          </reporter-output>
        </test-method> <!-- runScenario -->
        <test-method signature="runScenario(io.cucumber.testng.PickleWrapper,io.cucumber.testng.FeatureWrapper)[pri:0, instance:dsAlgo_TestRunner.TestRunner@59e505b2]" started-at="2025-02-24T15:09:40 EST" name="runScenario" description="Runs Cucumber Scenarios" data-provider="scenarios" finished-at="2025-02-24T15:09:56 EST" duration-ms="15211" status="PASS">
          <params>
            <param index="0">
              <value>
                <![CDATA["Verify that the user is able to enter password in the field"]]>
              </value>
            </param>
            <param index="1">
              <value>
                <![CDATA["Register Page"]]>
              </value>
            </param>
          </params>
          <reporter-output>
          </reporter-output>
        </test-method> <!-- runScenario -->
        <test-method signature="runScenario(io.cucumber.testng.PickleWrapper,io.cucumber.testng.FeatureWrapper)[pri:0, instance:dsAlgo_TestRunner.TestRunner@59e505b2]" started-at="2025-02-24T15:09:40 EST" name="runScenario" description="Runs Cucumber Scenarios" data-provider="scenarios" finished-at="2025-02-24T15:09:56 EST" duration-ms="15090" status="PASS">
          <params>
            <param index="0">
              <value>
                <![CDATA["Verify that the user is able to enter password in the field"]]>
              </value>
            </param>
            <param index="1">
              <value>
                <![CDATA["Register Page"]]>
              </value>
            </param>
          </params>
          <reporter-output>
          </reporter-output>
        </test-method> <!-- runScenario -->
        <test-method signature="runScenario(io.cucumber.testng.PickleWrapper,io.cucumber.testng.FeatureWrapper)[pri:0, instance:dsAlgo_TestRunner.TestRunner@59e505b2]" started-at="2025-02-24T15:09:40 EST" name="runScenario" description="Runs Cucumber Scenarios" data-provider="scenarios" finished-at="2025-02-24T15:10:01 EST" duration-ms="20235" status="PASS">
          <params>
            <param index="0">
              <value>
                <![CDATA["Verify that the user is able to enter password in the field"]]>
              </value>
            </param>
            <param index="1">
              <value>
                <![CDATA["Register Page"]]>
              </value>
            </param>
          </params>
          <reporter-output>
          </reporter-output>
        </test-method> <!-- runScenario -->
        <test-method signature="runScenario(io.cucumber.testng.PickleWrapper,io.cucumber.testng.FeatureWrapper)[pri:0, instance:dsAlgo_TestRunner.TestRunner@59e505b2]" started-at="2025-02-24T15:09:41 EST" name="runScenario" description="Runs Cucumber Scenarios" data-provider="scenarios" finished-at="2025-02-24T15:09:55 EST" duration-ms="14626" status="PASS">
          <params>
            <param index="0">
              <value>
                <![CDATA["Verify that the user is able to enter password in the field"]]>
              </value>
            </param>
            <param index="1">
              <value>
                <![CDATA["Register Page"]]>
              </value>
            </param>
          </params>
          <reporter-output>
          </reporter-output>
        </test-method> <!-- runScenario -->
        <test-method signature="runScenario(io.cucumber.testng.PickleWrapper,io.cucumber.testng.FeatureWrapper)[pri:0, instance:dsAlgo_TestRunner.TestRunner@59e505b2]" started-at="2025-02-24T15:09:41 EST" name="runScenario" description="Runs Cucumber Scenarios" data-provider="scenarios" finished-at="2025-02-24T15:09:56 EST" duration-ms="14415" status="PASS">
          <params>
            <param index="0">
              <value>
                <![CDATA["Verify that the user is able to get an error message"]]>
              </value>
            </param>
            <param index="1">
              <value>
                <![CDATA["Register Page"]]>
              </value>
            </param>
          </params>
          <reporter-output>
          </reporter-output>
        </test-method> <!-- runScenario -->
        <test-method signature="runScenario(io.cucumber.testng.PickleWrapper,io.cucumber.testng.FeatureWrapper)[pri:0, instance:dsAlgo_TestRunner.TestRunner@59e505b2]" started-at="2025-02-24T15:09:55 EST" name="runScenario" description="Runs Cucumber Scenarios" data-provider="scenarios" finished-at="2025-02-24T15:10:06 EST" duration-ms="10330" status="PASS">
          <params>
            <param index="0">
              <value>
                <![CDATA["Verify that the user is able to get an error message"]]>
              </value>
            </param>
            <param index="1">
              <value>
                <![CDATA["Register Page"]]>
              </value>
            </param>
          </params>
          <reporter-output>
          </reporter-output>
        </test-method> <!-- runScenario -->
        <test-method signature="runScenario(io.cucumber.testng.PickleWrapper,io.cucumber.testng.FeatureWrapper)[pri:0, instance:dsAlgo_TestRunner.TestRunner@59e505b2]" started-at="2025-02-24T15:09:56 EST" name="runScenario" description="Runs Cucumber Scenarios" data-provider="scenarios" finished-at="2025-02-24T15:10:05 EST" duration-ms="9130" status="PASS">
          <params>
            <param index="0">
              <value>
                <![CDATA["Verify that the user is able to get an error message"]]>
              </value>
            </param>
            <param index="1">
              <value>
                <![CDATA["Register Page"]]>
              </value>
            </param>
          </params>
          <reporter-output>
          </reporter-output>
        </test-method> <!-- runScenario -->
        <test-method signature="runScenario(io.cucumber.testng.PickleWrapper,io.cucumber.testng.FeatureWrapper)[pri:0, instance:dsAlgo_TestRunner.TestRunner@59e505b2]" started-at="2025-02-24T15:09:56 EST" name="runScenario" description="Runs Cucumber Scenarios" data-provider="scenarios" finished-at="2025-02-24T15:10:04 EST" duration-ms="8252" status="PASS">
          <params>
            <param index="0">
              <value>
                <![CDATA["Verify that the user is able to get a pop-up message when username, password and password confirmation field are left blank"]]>
              </value>
            </param>
            <param index="1">
              <value>
                <![CDATA["Register Page"]]>
              </value>
            </param>
          </params>
          <reporter-output>
          </reporter-output>
        </test-method> <!-- runScenario -->
        <test-method signature="runScenario(io.cucumber.testng.PickleWrapper,io.cucumber.testng.FeatureWrapper)[pri:0, instance:dsAlgo_TestRunner.TestRunner@59e505b2]" started-at="2025-02-24T15:09:56 EST" name="runScenario" description="Runs Cucumber Scenarios" data-provider="scenarios" finished-at="2025-02-24T15:10:04 EST" duration-ms="8228" status="PASS">
          <params>
            <param index="0">
              <value>
                <![CDATA["Verify that the user is able to get a pop-up message when username, password and password confirmation field are left blank"]]>
              </value>
            </param>
            <param index="1">
              <value>
                <![CDATA["Register Page"]]>
              </value>
            </param>
          </params>
          <reporter-output>
          </reporter-output>
        </test-method> <!-- runScenario -->
        <test-method signature="runScenario(io.cucumber.testng.PickleWrapper,io.cucumber.testng.FeatureWrapper)[pri:0, instance:dsAlgo_TestRunner.TestRunner@59e505b2]" started-at="2025-02-24T15:09:56 EST" name="runScenario" description="Runs Cucumber Scenarios" data-provider="scenarios" finished-at="2025-02-24T15:10:04 EST" duration-ms="8501" status="PASS">
          <params>
            <param index="0">
              <value>
                <![CDATA["Verify that the user is able to get a pop-up message when username, password and password confirmation field are left blank"]]>
              </value>
            </param>
            <param index="1">
              <value>
                <![CDATA["Register Page"]]>
              </value>
            </param>
          </params>
          <reporter-output>
          </reporter-output>
        </test-method> <!-- runScenario -->
        <test-method signature="runScenario(io.cucumber.testng.PickleWrapper,io.cucumber.testng.FeatureWrapper)[pri:0, instance:dsAlgo_TestRunner.TestRunner@59e505b2]" started-at="2025-02-24T15:09:56 EST" name="runScenario" description="Runs Cucumber Scenarios" data-provider="scenarios" finished-at="2025-02-24T15:10:15 EST" duration-ms="19429" status="FAIL">
          <params>
            <param index="0">
              <value>
                <![CDATA["Verify that the user is able to naviagte to home page with the message"]]>
              </value>
            </param>
            <param index="1">
              <value>
                <![CDATA["Register Page"]]>
              </value>
            </param>
          </params>
          <exception class="org.openqa.selenium.NoSuchElementException">
            <message>
              <![CDATA[no such element: Unable to locate element: {"method":"xpath","selector":"//div[contains(text(),'Account Created')]"}
  (Session info: chrome=133.0.6943.126)
For documentation on this error, please visit: https://www.selenium.dev/documentation/webdriver/troubleshooting/errors#no-such-element-exception
Build info: version: '4.28.0', revision: 'ac342546e9'
System info: os.name: 'Windows 11', os.arch: 'amd64', os.version: '10.0', java.version: '23.0.1'
Driver info: org.openqa.selenium.chrome.ChromeDriver
Command: [5ab23f627df6cd7a152196d6c4d86b2f, findElement {using=xpath, value=//div[contains(text(),'Account Created')]}]
Capabilities {acceptInsecureCerts: false, browserName: chrome, browserVersion: 133.0.6943.126, chrome: {chromedriverVersion: 133.0.6943.126 (cffa127ce7b..., userDataDir: C:\Users\rinuh\AppData\Loca...}, fedcm:accounts: true, goog:chromeOptions: {debuggerAddress: localhost:56252}, networkConnectionEnabled: false, pageLoadStrategy: normal, platformName: windows, proxy: Proxy(), se:cdp: ws://localhost:56252/devtoo..., se:cdpVersion: 133.0.6943.126, setWindowRect: true, strictFileInteractability: false, timeouts: {implicit: 0, pageLoad: 300000, script: 30000}, unhandledPromptBehavior: dismiss and notify, webauthn:extension:credBlob: true, webauthn:extension:largeBlob: true, webauthn:extension:minPinLength: true, webauthn:extension:prf: true, webauthn:virtualAuthenticators: true}
Session ID: 5ab23f627df6cd7a152196d6c4d86b2f]]>
            </message>
            <full-stacktrace>
              <![CDATA[org.openqa.selenium.NoSuchElementException: no such element: Unable to locate element: {"method":"xpath","selector":"//div[contains(text(),'Account Created')]"}
  (Session info: chrome=133.0.6943.126)
For documentation on this error, please visit: https://www.selenium.dev/documentation/webdriver/troubleshooting/errors#no-such-element-exception
Build info: version: '4.28.0', revision: 'ac342546e9'
System info: os.name: 'Windows 11', os.arch: 'amd64', os.version: '10.0', java.version: '23.0.1'
Driver info: org.openqa.selenium.chrome.ChromeDriver
Command: [5ab23f627df6cd7a152196d6c4d86b2f, findElement {using=xpath, value=//div[contains(text(),'Account Created')]}]
Capabilities {acceptInsecureCerts: false, browserName: chrome, browserVersion: 133.0.6943.126, chrome: {chromedriverVersion: 133.0.6943.126 (cffa127ce7b..., userDataDir: C:\Users\rinuh\AppData\Loca...}, fedcm:accounts: true, goog:chromeOptions: {debuggerAddress: localhost:56252}, networkConnectionEnabled: false, pageLoadStrategy: normal, platformName: windows, proxy: Proxy(), se:cdp: ws://localhost:56252/devtoo..., se:cdpVersion: 133.0.6943.126, setWindowRect: true, strictFileInteractability: false, timeouts: {implicit: 0, pageLoad: 300000, script: 30000}, unhandledPromptBehavior: dismiss and notify, webauthn:extension:credBlob: true, webauthn:extension:largeBlob: true, webauthn:extension:minPinLength: true, webauthn:extension:prf: true, webauthn:virtualAuthenticators: true}
Session ID: 5ab23f627df6cd7a152196d6c4d86b2f
at java.base/jdk.internal.reflect.DirectConstructorHandleAccessor.newInstance(DirectConstructorHandleAccessor.java:62)
at java.base/java.lang.reflect.Constructor.newInstanceWithCaller(Constructor.java:501)
at java.base/java.lang.reflect.Constructor.newInstance(Constructor.java:485)
at org.openqa.selenium.remote.ErrorCodec.decode(ErrorCodec.java:167)
at org.openqa.selenium.remote.codec.w3c.W3CHttpResponseCodec.decode(W3CHttpResponseCodec.java:138)
at org.openqa.selenium.remote.codec.w3c.W3CHttpResponseCodec.decode(W3CHttpResponseCodec.java:50)
at org.openqa.selenium.remote.HttpCommandExecutor.execute(HttpCommandExecutor.java:215)
at org.openqa.selenium.remote.service.DriverCommandExecutor.invokeExecute(DriverCommandExecutor.java:216)
at org.openqa.selenium.remote.service.DriverCommandExecutor.execute(DriverCommandExecutor.java:174)
at org.openqa.selenium.remote.RemoteWebDriver.execute(RemoteWebDriver.java:545)
at org.openqa.selenium.remote.ElementLocation$ElementFinder$2.findElement(ElementLocation.java:165)
at org.openqa.selenium.remote.ElementLocation.findElement(ElementLocation.java:59)
at org.openqa.selenium.remote.RemoteWebDriver.findElement(RemoteWebDriver.java:368)
at org.openqa.selenium.remote.RemoteWebDriver.findElement(RemoteWebDriver.java:362)
at org.openqa.selenium.support.pagefactory.DefaultElementLocator.findElement(DefaultElementLocator.java:68)
at org.openqa.selenium.support.pagefactory.internal.LocatingElementHandler.invoke(LocatingElementHandler.java:38)
at jdk.proxy2/jdk.proxy2.$Proxy44.getText(Unknown Source)
at dsAlgo_PageFactory.Register_PageFactory.successMessageDisplayed(Register_PageFactory.java:62)
at dsAlgo_StepDefinition.Register.user_should_be_able_to_naviagte_to_home_page_and_get_the_success_message(Register.java:153)
at ✽.User should be able to naviagte to home page and get the success message(file:///C:/Users/rinuh/git/DsAlgo_CodeCrackers_BDD/src/test/resources/features/Register.feature:76)
]]>
            </full-stacktrace>
          </exception> <!-- org.openqa.selenium.NoSuchElementException -->
          <reporter-output>
          </reporter-output>
        </test-method> <!-- runScenario -->
        <test-method is-config="true" signature="tearDownClass()[pri:0, instance:dsAlgo_TestRunner.TestRunner@59e505b2]" started-at="2025-02-24T15:10:15 EST" name="tearDownClass" finished-at="2025-02-24T15:10:21 EST" duration-ms="5419" status="PASS">
          <reporter-output>
          </reporter-output>
        </test-method> <!-- tearDownClass -->
      </class> <!-- dsAlgo_TestRunner.TestRunner -->
    </test> <!-- Default test -->
  </suite> <!-- Default suite -->
</testng-results>
