<?xml version="1.0" encoding="UTF-8"?>
<testng-results ignored="0" total="130" passed="129" failed="1" skipped="0">
  <reporter-output>
  </reporter-output>
  <suite started-at="2025-02-24T23:20:36 EST" name="Default suite" finished-at="2025-02-24T23:35:20 EST" duration-ms="883437">
    <groups>
      <group name="cucumber">
        <method signature="AbstractTestNGCucumberTests.runScenario(io.cucumber.testng.PickleWrapper,io.cucumber.testng.FeatureWrapper)[pri:0, instance:dsAlgo_TestRunner.TestRunner@59e505b2]" name="runScenario" class="io.cucumber.testng.AbstractTestNGCucumberTests"/>
      </group> <!-- cucumber -->
    </groups>
    <test started-at="2025-02-24T23:20:36 EST" name="Default test" finished-at="2025-02-24T23:35:20 EST" duration-ms="883437">
      <class name="dsAlgo_TestRunner.TestRunner">
        <test-method is-config="true" signature="setUpClass(org.testng.ITestContext)[pri:0, instance:dsAlgo_TestRunner.TestRunner@59e505b2]" started-at="2025-02-24T23:20:36 EST" name="setUpClass" finished-at="2025-02-24T23:20:38 EST" duration-ms="2105" status="PASS">
          <params>
            <param index="0">
              <value>
                <![CDATA[org.testng.TestRunner@5f0d8937]]>
              </value>
            </param>
          </params>
          <reporter-output>
          </reporter-output>
        </test-method> <!-- setUpClass -->
        <test-method signature="runScenario(io.cucumber.testng.PickleWrapper,io.cucumber.testng.FeatureWrapper)[pri:0, instance:dsAlgo_TestRunner.TestRunner@59e505b2]" started-at="2025-02-24T23:20:38 EST" name="runScenario" description="Runs Cucumber Scenarios" data-provider="scenarios" finished-at="2025-02-24T23:21:39 EST" duration-ms="60657" status="PASS">
          <params>
            <param index="0">
              <value>
                <![CDATA["Verify warning message when selecting Linked List without signing in"]]>
              </value>
            </param>
            <param index="1">
              <value>
                <![CDATA["Home Page"]]>
              </value>
            </param>
          </params>
          <reporter-output>
          </reporter-output>
        </test-method> <!-- runScenario -->
        <test-method signature="runScenario(io.cucumber.testng.PickleWrapper,io.cucumber.testng.FeatureWrapper)[pri:0, instance:dsAlgo_TestRunner.TestRunner@59e505b2]" started-at="2025-02-24T23:20:38 EST" name="runScenario" description="Runs Cucumber Scenarios" data-provider="scenarios" finished-at="2025-02-24T23:22:02 EST" duration-ms="84116" status="PASS">
          <params>
            <param index="0">
              <value>
                <![CDATA["Verify that the user is able to navigate to the home page"]]>
              </value>
            </param>
            <param index="1">
              <value>
                <![CDATA["Home Page"]]>
              </value>
            </param>
          </params>
          <reporter-output>
          </reporter-output>
        </test-method> <!-- runScenario -->
        <test-method signature="runScenario(io.cucumber.testng.PickleWrapper,io.cucumber.testng.FeatureWrapper)[pri:0, instance:dsAlgo_TestRunner.TestRunner@59e505b2]" started-at="2025-02-24T23:20:38 EST" name="runScenario" description="Runs Cucumber Scenarios" data-provider="scenarios" finished-at="2025-02-24T23:21:29 EST" duration-ms="51028" status="PASS">
          <params>
            <param index="0">
              <value>
                <![CDATA["Verify warning message when selecting Tree without signing in"]]>
              </value>
            </param>
            <param index="1">
              <value>
                <![CDATA["Home Page"]]>
              </value>
            </param>
          </params>
          <reporter-output>
          </reporter-output>
        </test-method> <!-- runScenario -->
        <test-method signature="runScenario(io.cucumber.testng.PickleWrapper,io.cucumber.testng.FeatureWrapper)[pri:0, instance:dsAlgo_TestRunner.TestRunner@59e505b2]" started-at="2025-02-24T23:20:38 EST" name="runScenario" description="Runs Cucumber Scenarios" data-provider="scenarios" finished-at="2025-02-24T23:21:41 EST" duration-ms="62795" status="PASS">
          <params>
            <param index="0">
              <value>
                <![CDATA["Verify that the user can view Data Structures dropdown options without signing in"]]>
              </value>
            </param>
            <param index="1">
              <value>
                <![CDATA["Home Page"]]>
              </value>
            </param>
          </params>
          <reporter-output>
          </reporter-output>
        </test-method> <!-- runScenario -->
        <test-method signature="runScenario(io.cucumber.testng.PickleWrapper,io.cucumber.testng.FeatureWrapper)[pri:0, instance:dsAlgo_TestRunner.TestRunner@59e505b2]" started-at="2025-02-24T23:20:38 EST" name="runScenario" description="Runs Cucumber Scenarios" data-provider="scenarios" finished-at="2025-02-24T23:21:43 EST" duration-ms="64304" status="PASS">
          <params>
            <param index="0">
              <value>
                <![CDATA["Verify warning message when selecting Stack without signing in"]]>
              </value>
            </param>
            <param index="1">
              <value>
                <![CDATA["Home Page"]]>
              </value>
            </param>
          </params>
          <reporter-output>
          </reporter-output>
        </test-method> <!-- runScenario -->
        <test-method signature="runScenario(io.cucumber.testng.PickleWrapper,io.cucumber.testng.FeatureWrapper)[pri:0, instance:dsAlgo_TestRunner.TestRunner@59e505b2]" started-at="2025-02-24T23:20:38 EST" name="runScenario" description="Runs Cucumber Scenarios" data-provider="scenarios" finished-at="2025-02-24T23:21:41 EST" duration-ms="62419" status="PASS">
          <params>
            <param index="0">
              <value>
                <![CDATA["Verify warning message when selecting Queue without signing in"]]>
              </value>
            </param>
            <param index="1">
              <value>
                <![CDATA["Home Page"]]>
              </value>
            </param>
          </params>
          <reporter-output>
          </reporter-output>
        </test-method> <!-- runScenario -->
        <test-method signature="runScenario(io.cucumber.testng.PickleWrapper,io.cucumber.testng.FeatureWrapper)[pri:0, instance:dsAlgo_TestRunner.TestRunner@59e505b2]" started-at="2025-02-24T23:20:38 EST" name="runScenario" description="Runs Cucumber Scenarios" data-provider="scenarios" finished-at="2025-02-24T23:22:03 EST" duration-ms="84985" status="PASS">
          <params>
            <param index="0">
              <value>
                <![CDATA["Verify that the user is able to click on Get Started button under Linked List section"]]>
              </value>
            </param>
            <param index="1">
              <value>
                <![CDATA["Linked List Functionality"]]>
              </value>
            </param>
          </params>
          <reporter-output>
          </reporter-output>
        </test-method> <!-- runScenario -->
        <test-method signature="runScenario(io.cucumber.testng.PickleWrapper,io.cucumber.testng.FeatureWrapper)[pri:0, instance:dsAlgo_TestRunner.TestRunner@59e505b2]" started-at="2025-02-24T23:20:38 EST" name="runScenario" description="Runs Cucumber Scenarios" data-provider="scenarios" finished-at="2025-02-24T23:22:03 EST" duration-ms="84295" status="PASS">
          <params>
            <param index="0">
              <value>
                <![CDATA["Verify warning message when selecting Arrays without signing in"]]>
              </value>
            </param>
            <param index="1">
              <value>
                <![CDATA["Home Page"]]>
              </value>
            </param>
          </params>
          <reporter-output>
          </reporter-output>
        </test-method> <!-- runScenario -->
        <test-method signature="runScenario(io.cucumber.testng.PickleWrapper,io.cucumber.testng.FeatureWrapper)[pri:0, instance:dsAlgo_TestRunner.TestRunner@59e505b2]" started-at="2025-02-24T23:20:38 EST" name="runScenario" description="Runs Cucumber Scenarios" data-provider="scenarios" finished-at="2025-02-24T23:22:07 EST" duration-ms="88691" status="PASS">
          <params>
            <param index="0">
              <value>
                <![CDATA["Verify warning message when selecting Graph without signing in"]]>
              </value>
            </param>
            <param index="1">
              <value>
                <![CDATA["Home Page"]]>
              </value>
            </param>
          </params>
          <reporter-output>
          </reporter-output>
        </test-method> <!-- runScenario -->
        <test-method signature="runScenario(io.cucumber.testng.PickleWrapper,io.cucumber.testng.FeatureWrapper)[pri:0, instance:dsAlgo_TestRunner.TestRunner@59e505b2]" started-at="2025-02-24T23:20:38 EST" name="runScenario" description="Runs Cucumber Scenarios" data-provider="scenarios" finished-at="2025-02-24T23:21:29 EST" duration-ms="51205" status="PASS">
          <params>
            <param index="0">
              <value>
                <![CDATA["Verify that the user stays on the same page when clicking elsewhere"]]>
              </value>
            </param>
            <param index="1">
              <value>
                <![CDATA["Home Page"]]>
              </value>
            </param>
          </params>
          <reporter-output>
          </reporter-output>
        </test-method> <!-- runScenario -->
        <test-method signature="runScenario(io.cucumber.testng.PickleWrapper,io.cucumber.testng.FeatureWrapper)[pri:0, instance:dsAlgo_TestRunner.TestRunner@59e505b2]" started-at="2025-02-24T23:21:29 EST" name="runScenario" description="Runs Cucumber Scenarios" data-provider="scenarios" finished-at="2025-02-24T23:22:22 EST" duration-ms="52237" status="PASS">
          <params>
            <param index="0">
              <value>
                <![CDATA["Verify that the Introduction link is enabled in the Linked List page"]]>
              </value>
            </param>
            <param index="1">
              <value>
                <![CDATA["Linked List Functionality"]]>
              </value>
            </param>
          </params>
          <reporter-output>
          </reporter-output>
        </test-method> <!-- runScenario -->
        <test-method signature="runScenario(io.cucumber.testng.PickleWrapper,io.cucumber.testng.FeatureWrapper)[pri:0, instance:dsAlgo_TestRunner.TestRunner@59e505b2]" started-at="2025-02-24T23:21:29 EST" name="runScenario" description="Runs Cucumber Scenarios" data-provider="scenarios" finished-at="2025-02-24T23:22:19 EST" duration-ms="49968" status="PASS">
          <params>
            <param index="0">
              <value>
                <![CDATA["Verify that the Creating Linked List link is enabled in the Linked List page"]]>
              </value>
            </param>
            <param index="1">
              <value>
                <![CDATA["Linked List Functionality"]]>
              </value>
            </param>
          </params>
          <reporter-output>
          </reporter-output>
        </test-method> <!-- runScenario -->
        <test-method signature="runScenario(io.cucumber.testng.PickleWrapper,io.cucumber.testng.FeatureWrapper)[pri:0, instance:dsAlgo_TestRunner.TestRunner@59e505b2]" started-at="2025-02-24T23:21:39 EST" name="runScenario" description="Runs Cucumber Scenarios" data-provider="scenarios" finished-at="2025-02-24T23:22:41 EST" duration-ms="61805" status="PASS">
          <params>
            <param index="0">
              <value>
                <![CDATA["Verify that the Types of Linked List link is enabled in the Linked List page"]]>
              </value>
            </param>
            <param index="1">
              <value>
                <![CDATA["Linked List Functionality"]]>
              </value>
            </param>
          </params>
          <reporter-output>
          </reporter-output>
        </test-method> <!-- runScenario -->
        <test-method signature="runScenario(io.cucumber.testng.PickleWrapper,io.cucumber.testng.FeatureWrapper)[pri:0, instance:dsAlgo_TestRunner.TestRunner@59e505b2]" started-at="2025-02-24T23:21:41 EST" name="runScenario" description="Runs Cucumber Scenarios" data-provider="scenarios" finished-at="2025-02-24T23:22:42 EST" duration-ms="61648" status="PASS">
          <params>
            <param index="0">
              <value>
                <![CDATA["Verify that the Implement Linked List in Python link is enabled in the Linked List page"]]>
              </value>
            </param>
            <param index="1">
              <value>
                <![CDATA["Linked List Functionality"]]>
              </value>
            </param>
          </params>
          <reporter-output>
          </reporter-output>
        </test-method> <!-- runScenario -->
        <test-method signature="runScenario(io.cucumber.testng.PickleWrapper,io.cucumber.testng.FeatureWrapper)[pri:0, instance:dsAlgo_TestRunner.TestRunner@59e505b2]" started-at="2025-02-24T23:21:41 EST" name="runScenario" description="Runs Cucumber Scenarios" data-provider="scenarios" finished-at="2025-02-24T23:22:34 EST" duration-ms="53095" status="PASS">
          <params>
            <param index="0">
              <value>
                <![CDATA["Verify that the Traversal link is enabled in the Linked List page"]]>
              </value>
            </param>
            <param index="1">
              <value>
                <![CDATA["Linked List Functionality"]]>
              </value>
            </param>
          </params>
          <reporter-output>
          </reporter-output>
        </test-method> <!-- runScenario -->
        <test-method signature="runScenario(io.cucumber.testng.PickleWrapper,io.cucumber.testng.FeatureWrapper)[pri:0, instance:dsAlgo_TestRunner.TestRunner@59e505b2]" started-at="2025-02-24T23:21:43 EST" name="runScenario" description="Runs Cucumber Scenarios" data-provider="scenarios" finished-at="2025-02-24T23:22:42 EST" duration-ms="58973" status="PASS">
          <params>
            <param index="0">
              <value>
                <![CDATA["Verify that the Insertion link is enabled in the Linked List page"]]>
              </value>
            </param>
            <param index="1">
              <value>
                <![CDATA["Linked List Functionality"]]>
              </value>
            </param>
          </params>
          <reporter-output>
          </reporter-output>
        </test-method> <!-- runScenario -->
        <test-method signature="runScenario(io.cucumber.testng.PickleWrapper,io.cucumber.testng.FeatureWrapper)[pri:0, instance:dsAlgo_TestRunner.TestRunner@59e505b2]" started-at="2025-02-24T23:22:02 EST" name="runScenario" description="Runs Cucumber Scenarios" data-provider="scenarios" finished-at="2025-02-24T23:22:54 EST" duration-ms="51210" status="PASS">
          <params>
            <param index="0">
              <value>
                <![CDATA["Verify that the Deletion link is enabled in the Linked List page"]]>
              </value>
            </param>
            <param index="1">
              <value>
                <![CDATA["Linked List Functionality"]]>
              </value>
            </param>
          </params>
          <reporter-output>
          </reporter-output>
        </test-method> <!-- runScenario -->
        <test-method signature="runScenario(io.cucumber.testng.PickleWrapper,io.cucumber.testng.FeatureWrapper)[pri:0, instance:dsAlgo_TestRunner.TestRunner@59e505b2]" started-at="2025-02-24T23:22:03 EST" name="runScenario" description="Runs Cucumber Scenarios" data-provider="scenarios" finished-at="2025-02-24T23:23:03 EST" duration-ms="60430" status="PASS">
          <params>
            <param index="0">
              <value>
                <![CDATA["Verify that the user is able to navigate to Introduction page"]]>
              </value>
            </param>
            <param index="1">
              <value>
                <![CDATA["Linked List Functionality"]]>
              </value>
            </param>
          </params>
          <reporter-output>
          </reporter-output>
        </test-method> <!-- runScenario -->
        <test-method signature="runScenario(io.cucumber.testng.PickleWrapper,io.cucumber.testng.FeatureWrapper)[pri:0, instance:dsAlgo_TestRunner.TestRunner@59e505b2]" started-at="2025-02-24T23:22:03 EST" name="runScenario" description="Runs Cucumber Scenarios" data-provider="scenarios" finished-at="2025-02-24T23:22:59 EST" duration-ms="55612" status="PASS">
          <params>
            <param index="0">
              <value>
                <![CDATA["Verify that the user is able to navigate to Try Here >>> page for Introduction page"]]>
              </value>
            </param>
            <param index="1">
              <value>
                <![CDATA["Linked List Functionality"]]>
              </value>
            </param>
          </params>
          <reporter-output>
          </reporter-output>
        </test-method> <!-- runScenario -->
        <test-method signature="runScenario(io.cucumber.testng.PickleWrapper,io.cucumber.testng.FeatureWrapper)[pri:0, instance:dsAlgo_TestRunner.TestRunner@59e505b2]" started-at="2025-02-24T23:22:07 EST" name="runScenario" description="Runs Cucumber Scenarios" data-provider="scenarios" finished-at="2025-02-24T23:23:18 EST" duration-ms="70676" status="PASS">
          <params>
            <param index="0">
              <value>
                <![CDATA["Verify that the user is able to see output for valid, invalid and incorrect syntax Python code is entered for the Introduction page"]]>
              </value>
            </param>
            <param index="1">
              <value>
                <![CDATA["Linked List Functionality"]]>
              </value>
            </param>
          </params>
          <reporter-output>
          </reporter-output>
        </test-method> <!-- runScenario -->
        <test-method signature="runScenario(io.cucumber.testng.PickleWrapper,io.cucumber.testng.FeatureWrapper)[pri:0, instance:dsAlgo_TestRunner.TestRunner@59e505b2]" started-at="2025-02-24T23:22:19 EST" name="runScenario" description="Runs Cucumber Scenarios" data-provider="scenarios" finished-at="2025-02-24T23:23:32 EST" duration-ms="72272" status="PASS">
          <params>
            <param index="0">
              <value>
                <![CDATA["Verify that the user is able to see output for valid, invalid and incorrect syntax Python code is entered for the Introduction page"]]>
              </value>
            </param>
            <param index="1">
              <value>
                <![CDATA["Linked List Functionality"]]>
              </value>
            </param>
          </params>
          <reporter-output>
          </reporter-output>
        </test-method> <!-- runScenario -->
        <test-method signature="runScenario(io.cucumber.testng.PickleWrapper,io.cucumber.testng.FeatureWrapper)[pri:0, instance:dsAlgo_TestRunner.TestRunner@59e505b2]" started-at="2025-02-24T23:22:22 EST" name="runScenario" description="Runs Cucumber Scenarios" data-provider="scenarios" finished-at="2025-02-24T23:23:31 EST" duration-ms="69520" status="PASS">
          <params>
            <param index="0">
              <value>
                <![CDATA["Verify that the user is able to see output for valid, invalid and incorrect syntax Python code is entered for the Introduction page"]]>
              </value>
            </param>
            <param index="1">
              <value>
                <![CDATA["Linked List Functionality"]]>
              </value>
            </param>
          </params>
          <reporter-output>
          </reporter-output>
        </test-method> <!-- runScenario -->
        <test-method signature="runScenario(io.cucumber.testng.PickleWrapper,io.cucumber.testng.FeatureWrapper)[pri:0, instance:dsAlgo_TestRunner.TestRunner@59e505b2]" started-at="2025-02-24T23:22:34 EST" name="runScenario" description="Runs Cucumber Scenarios" data-provider="scenarios" finished-at="2025-02-24T23:23:44 EST" duration-ms="69735" status="PASS">
          <params>
            <param index="0">
              <value>
                <![CDATA["Verify that the user is able to navigate to Introduction page after clicking <- in the Try Editor window"]]>
              </value>
            </param>
            <param index="1">
              <value>
                <![CDATA["Linked List Functionality"]]>
              </value>
            </param>
          </params>
          <reporter-output>
          </reporter-output>
        </test-method> <!-- runScenario -->
        <test-method signature="runScenario(io.cucumber.testng.PickleWrapper,io.cucumber.testng.FeatureWrapper)[pri:0, instance:dsAlgo_TestRunner.TestRunner@59e505b2]" started-at="2025-02-24T23:22:41 EST" name="runScenario" description="Runs Cucumber Scenarios" data-provider="scenarios" finished-at="2025-02-24T23:24:00 EST" duration-ms="79512" status="PASS">
          <params>
            <param index="0">
              <value>
                <![CDATA["Verify that the user is able to navigate to Creating Linked List page"]]>
              </value>
            </param>
            <param index="1">
              <value>
                <![CDATA["Linked List Functionality"]]>
              </value>
            </param>
          </params>
          <reporter-output>
          </reporter-output>
        </test-method> <!-- runScenario -->
        <test-method signature="runScenario(io.cucumber.testng.PickleWrapper,io.cucumber.testng.FeatureWrapper)[pri:0, instance:dsAlgo_TestRunner.TestRunner@59e505b2]" started-at="2025-02-24T23:22:42 EST" name="runScenario" description="Runs Cucumber Scenarios" data-provider="scenarios" finished-at="2025-02-24T23:24:02 EST" duration-ms="80019" status="PASS">
          <params>
            <param index="0">
              <value>
                <![CDATA["Verify that the user is able to navigate to Try Here >>> page for Creating Linked List page"]]>
              </value>
            </param>
            <param index="1">
              <value>
                <![CDATA["Linked List Functionality"]]>
              </value>
            </param>
          </params>
          <reporter-output>
          </reporter-output>
        </test-method> <!-- runScenario -->
        <test-method signature="runScenario(io.cucumber.testng.PickleWrapper,io.cucumber.testng.FeatureWrapper)[pri:0, instance:dsAlgo_TestRunner.TestRunner@59e505b2]" started-at="2025-02-24T23:22:42 EST" name="runScenario" description="Runs Cucumber Scenarios" data-provider="scenarios" finished-at="2025-02-24T23:24:14 EST" duration-ms="91468" status="PASS">
          <params>
            <param index="0">
              <value>
                <![CDATA["Verify that the user is able to see output for valid, invalid and incorrect syntax Python code is entered for the Creating Linked List page"]]>
              </value>
            </param>
            <param index="1">
              <value>
                <![CDATA["Linked List Functionality"]]>
              </value>
            </param>
          </params>
          <reporter-output>
          </reporter-output>
        </test-method> <!-- runScenario -->
        <test-method signature="runScenario(io.cucumber.testng.PickleWrapper,io.cucumber.testng.FeatureWrapper)[pri:0, instance:dsAlgo_TestRunner.TestRunner@59e505b2]" started-at="2025-02-24T23:22:54 EST" name="runScenario" description="Runs Cucumber Scenarios" data-provider="scenarios" finished-at="2025-02-24T23:24:23 EST" duration-ms="89071" status="PASS">
          <params>
            <param index="0">
              <value>
                <![CDATA["Verify that the user is able to see output for valid, invalid and incorrect syntax Python code is entered for the Creating Linked List page"]]>
              </value>
            </param>
            <param index="1">
              <value>
                <![CDATA["Linked List Functionality"]]>
              </value>
            </param>
          </params>
          <reporter-output>
          </reporter-output>
        </test-method> <!-- runScenario -->
        <test-method signature="runScenario(io.cucumber.testng.PickleWrapper,io.cucumber.testng.FeatureWrapper)[pri:0, instance:dsAlgo_TestRunner.TestRunner@59e505b2]" started-at="2025-02-24T23:22:59 EST" name="runScenario" description="Runs Cucumber Scenarios" data-provider="scenarios" finished-at="2025-02-24T23:24:23 EST" duration-ms="83565" status="PASS">
          <params>
            <param index="0">
              <value>
                <![CDATA["Verify that the user is able to see output for valid, invalid and incorrect syntax Python code is entered for the Creating Linked List page"]]>
              </value>
            </param>
            <param index="1">
              <value>
                <![CDATA["Linked List Functionality"]]>
              </value>
            </param>
          </params>
          <reporter-output>
          </reporter-output>
        </test-method> <!-- runScenario -->
        <test-method signature="runScenario(io.cucumber.testng.PickleWrapper,io.cucumber.testng.FeatureWrapper)[pri:0, instance:dsAlgo_TestRunner.TestRunner@59e505b2]" started-at="2025-02-24T23:23:03 EST" name="runScenario" description="Runs Cucumber Scenarios" data-provider="scenarios" finished-at="2025-02-24T23:24:23 EST" duration-ms="79644" status="PASS">
          <params>
            <param index="0">
              <value>
                <![CDATA["Verify that the user is able to navigate to Creating Linked List page after clicking <- in the Try Editor window"]]>
              </value>
            </param>
            <param index="1">
              <value>
                <![CDATA["Linked List Functionality"]]>
              </value>
            </param>
          </params>
          <reporter-output>
          </reporter-output>
        </test-method> <!-- runScenario -->
        <test-method signature="runScenario(io.cucumber.testng.PickleWrapper,io.cucumber.testng.FeatureWrapper)[pri:0, instance:dsAlgo_TestRunner.TestRunner@59e505b2]" started-at="2025-02-24T23:23:18 EST" name="runScenario" description="Runs Cucumber Scenarios" data-provider="scenarios" finished-at="2025-02-24T23:24:23 EST" duration-ms="64639" status="PASS">
          <params>
            <param index="0">
              <value>
                <![CDATA["Verify that the user is able to navigate to Types of Linked List page"]]>
              </value>
            </param>
            <param index="1">
              <value>
                <![CDATA["Linked List Functionality"]]>
              </value>
            </param>
          </params>
          <reporter-output>
          </reporter-output>
        </test-method> <!-- runScenario -->
        <test-method signature="runScenario(io.cucumber.testng.PickleWrapper,io.cucumber.testng.FeatureWrapper)[pri:0, instance:dsAlgo_TestRunner.TestRunner@59e505b2]" started-at="2025-02-24T23:23:31 EST" name="runScenario" description="Runs Cucumber Scenarios" data-provider="scenarios" finished-at="2025-02-24T23:24:36 EST" duration-ms="65282" status="PASS">
          <params>
            <param index="0">
              <value>
                <![CDATA["Verify that the user is able to navigate to Try Here >>> page for Types of Linked List page"]]>
              </value>
            </param>
            <param index="1">
              <value>
                <![CDATA["Linked List Functionality"]]>
              </value>
            </param>
          </params>
          <reporter-output>
          </reporter-output>
        </test-method> <!-- runScenario -->
        <test-method signature="runScenario(io.cucumber.testng.PickleWrapper,io.cucumber.testng.FeatureWrapper)[pri:0, instance:dsAlgo_TestRunner.TestRunner@59e505b2]" started-at="2025-02-24T23:23:32 EST" name="runScenario" description="Runs Cucumber Scenarios" data-provider="scenarios" finished-at="2025-02-24T23:24:38 EST" duration-ms="66420" status="PASS">
          <params>
            <param index="0">
              <value>
                <![CDATA["Verify that the user is able to see output for valid, invalid and incorrect syntax Python code is entered for the Types of Linked List page"]]>
              </value>
            </param>
            <param index="1">
              <value>
                <![CDATA["Linked List Functionality"]]>
              </value>
            </param>
          </params>
          <reporter-output>
          </reporter-output>
        </test-method> <!-- runScenario -->
        <test-method signature="runScenario(io.cucumber.testng.PickleWrapper,io.cucumber.testng.FeatureWrapper)[pri:0, instance:dsAlgo_TestRunner.TestRunner@59e505b2]" started-at="2025-02-24T23:23:44 EST" name="runScenario" description="Runs Cucumber Scenarios" data-provider="scenarios" finished-at="2025-02-24T23:24:41 EST" duration-ms="56760" status="PASS">
          <params>
            <param index="0">
              <value>
                <![CDATA["Verify that the user is able to see output for valid, invalid and incorrect syntax Python code is entered for the Types of Linked List page"]]>
              </value>
            </param>
            <param index="1">
              <value>
                <![CDATA["Linked List Functionality"]]>
              </value>
            </param>
          </params>
          <reporter-output>
          </reporter-output>
        </test-method> <!-- runScenario -->
        <test-method signature="runScenario(io.cucumber.testng.PickleWrapper,io.cucumber.testng.FeatureWrapper)[pri:0, instance:dsAlgo_TestRunner.TestRunner@59e505b2]" started-at="2025-02-24T23:24:00 EST" name="runScenario" description="Runs Cucumber Scenarios" data-provider="scenarios" finished-at="2025-02-24T23:24:59 EST" duration-ms="59164" status="PASS">
          <params>
            <param index="0">
              <value>
                <![CDATA["Verify that the user is able to see output for valid, invalid and incorrect syntax Python code is entered for the Types of Linked List page"]]>
              </value>
            </param>
            <param index="1">
              <value>
                <![CDATA["Linked List Functionality"]]>
              </value>
            </param>
          </params>
          <reporter-output>
          </reporter-output>
        </test-method> <!-- runScenario -->
        <test-method signature="runScenario(io.cucumber.testng.PickleWrapper,io.cucumber.testng.FeatureWrapper)[pri:0, instance:dsAlgo_TestRunner.TestRunner@59e505b2]" started-at="2025-02-24T23:24:02 EST" name="runScenario" description="Runs Cucumber Scenarios" data-provider="scenarios" finished-at="2025-02-24T23:24:59 EST" duration-ms="57850" status="PASS">
          <params>
            <param index="0">
              <value>
                <![CDATA["Verify that the user is able to navigate to Types of Linked List page after clicking <- in the Try Editor window"]]>
              </value>
            </param>
            <param index="1">
              <value>
                <![CDATA["Linked List Functionality"]]>
              </value>
            </param>
          </params>
          <reporter-output>
          </reporter-output>
        </test-method> <!-- runScenario -->
        <test-method signature="runScenario(io.cucumber.testng.PickleWrapper,io.cucumber.testng.FeatureWrapper)[pri:0, instance:dsAlgo_TestRunner.TestRunner@59e505b2]" started-at="2025-02-24T23:24:14 EST" name="runScenario" description="Runs Cucumber Scenarios" data-provider="scenarios" finished-at="2025-02-24T23:25:03 EST" duration-ms="49200" status="PASS">
          <params>
            <param index="0">
              <value>
                <![CDATA["Verify that the user is able to navigate to Implement Linked List in Python page"]]>
              </value>
            </param>
            <param index="1">
              <value>
                <![CDATA["Linked List Functionality"]]>
              </value>
            </param>
          </params>
          <reporter-output>
          </reporter-output>
        </test-method> <!-- runScenario -->
        <test-method signature="runScenario(io.cucumber.testng.PickleWrapper,io.cucumber.testng.FeatureWrapper)[pri:0, instance:dsAlgo_TestRunner.TestRunner@59e505b2]" started-at="2025-02-24T23:24:23 EST" name="runScenario" description="Runs Cucumber Scenarios" data-provider="scenarios" finished-at="2025-02-24T23:25:33 EST" duration-ms="70228" status="PASS">
          <params>
            <param index="0">
              <value>
                <![CDATA["Verify that the user is able to navigate to Try Here >>> page for Implement Linked List in Python page"]]>
              </value>
            </param>
            <param index="1">
              <value>
                <![CDATA["Linked List Functionality"]]>
              </value>
            </param>
          </params>
          <reporter-output>
          </reporter-output>
        </test-method> <!-- runScenario -->
        <test-method signature="runScenario(io.cucumber.testng.PickleWrapper,io.cucumber.testng.FeatureWrapper)[pri:0, instance:dsAlgo_TestRunner.TestRunner@59e505b2]" started-at="2025-02-24T23:24:23 EST" name="runScenario" description="Runs Cucumber Scenarios" data-provider="scenarios" finished-at="2025-02-24T23:25:31 EST" duration-ms="68503" status="PASS">
          <params>
            <param index="0">
              <value>
                <![CDATA["Verify that the user is able to see output for valid, invalid and incorrect syntax Python code is entered for the Implement Linked List in Python page"]]>
              </value>
            </param>
            <param index="1">
              <value>
                <![CDATA["Linked List Functionality"]]>
              </value>
            </param>
          </params>
          <reporter-output>
          </reporter-output>
        </test-method> <!-- runScenario -->
        <test-method signature="runScenario(io.cucumber.testng.PickleWrapper,io.cucumber.testng.FeatureWrapper)[pri:0, instance:dsAlgo_TestRunner.TestRunner@59e505b2]" started-at="2025-02-24T23:24:23 EST" name="runScenario" description="Runs Cucumber Scenarios" data-provider="scenarios" finished-at="2025-02-24T23:25:36 EST" duration-ms="73366" status="PASS">
          <params>
            <param index="0">
              <value>
                <![CDATA["Verify that the user is able to see output for valid, invalid and incorrect syntax Python code is entered for the Implement Linked List in Python page"]]>
              </value>
            </param>
            <param index="1">
              <value>
                <![CDATA["Linked List Functionality"]]>
              </value>
            </param>
          </params>
          <reporter-output>
          </reporter-output>
        </test-method> <!-- runScenario -->
        <test-method signature="runScenario(io.cucumber.testng.PickleWrapper,io.cucumber.testng.FeatureWrapper)[pri:0, instance:dsAlgo_TestRunner.TestRunner@59e505b2]" started-at="2025-02-24T23:24:23 EST" name="runScenario" description="Runs Cucumber Scenarios" data-provider="scenarios" finished-at="2025-02-24T23:25:39 EST" duration-ms="76466" status="PASS">
          <params>
            <param index="0">
              <value>
                <![CDATA["Verify that the user is able to see output for valid, invalid and incorrect syntax Python code is entered for the Implement Linked List in Python page"]]>
              </value>
            </param>
            <param index="1">
              <value>
                <![CDATA["Linked List Functionality"]]>
              </value>
            </param>
          </params>
          <reporter-output>
          </reporter-output>
        </test-method> <!-- runScenario -->
        <test-method signature="runScenario(io.cucumber.testng.PickleWrapper,io.cucumber.testng.FeatureWrapper)[pri:0, instance:dsAlgo_TestRunner.TestRunner@59e505b2]" started-at="2025-02-24T23:24:36 EST" name="runScenario" description="Runs Cucumber Scenarios" data-provider="scenarios" finished-at="2025-02-24T23:25:54 EST" duration-ms="77732" status="PASS">
          <params>
            <param index="0">
              <value>
                <![CDATA["Verify that the user is able to navigate to Implement Linked List in Python page after clicking <- in the Try Editor window"]]>
              </value>
            </param>
            <param index="1">
              <value>
                <![CDATA["Linked List Functionality"]]>
              </value>
            </param>
          </params>
          <reporter-output>
          </reporter-output>
        </test-method> <!-- runScenario -->
        <test-method signature="runScenario(io.cucumber.testng.PickleWrapper,io.cucumber.testng.FeatureWrapper)[pri:0, instance:dsAlgo_TestRunner.TestRunner@59e505b2]" started-at="2025-02-24T23:24:38 EST" name="runScenario" description="Runs Cucumber Scenarios" data-provider="scenarios" finished-at="2025-02-24T23:26:05 EST" duration-ms="86614" status="PASS">
          <params>
            <param index="0">
              <value>
                <![CDATA["Verify that the user is able to navigate to Traversal page"]]>
              </value>
            </param>
            <param index="1">
              <value>
                <![CDATA["Linked List Functionality"]]>
              </value>
            </param>
          </params>
          <reporter-output>
          </reporter-output>
        </test-method> <!-- runScenario -->
        <test-method signature="runScenario(io.cucumber.testng.PickleWrapper,io.cucumber.testng.FeatureWrapper)[pri:0, instance:dsAlgo_TestRunner.TestRunner@59e505b2]" started-at="2025-02-24T23:24:41 EST" name="runScenario" description="Runs Cucumber Scenarios" data-provider="scenarios" finished-at="2025-02-24T23:26:03 EST" duration-ms="82203" status="PASS">
          <params>
            <param index="0">
              <value>
                <![CDATA["Verify that the user is able to navigate to Try Here >>> page for Traversal page"]]>
              </value>
            </param>
            <param index="1">
              <value>
                <![CDATA["Linked List Functionality"]]>
              </value>
            </param>
          </params>
          <reporter-output>
          </reporter-output>
        </test-method> <!-- runScenario -->
        <test-method signature="runScenario(io.cucumber.testng.PickleWrapper,io.cucumber.testng.FeatureWrapper)[pri:0, instance:dsAlgo_TestRunner.TestRunner@59e505b2]" started-at="2025-02-24T23:24:59 EST" name="runScenario" description="Runs Cucumber Scenarios" data-provider="scenarios" finished-at="2025-02-24T23:26:11 EST" duration-ms="71715" status="PASS">
          <params>
            <param index="0">
              <value>
                <![CDATA["Verify that the user is able to see output for valid, invalid and incorrect syntax Python code is entered for the Traversal page"]]>
              </value>
            </param>
            <param index="1">
              <value>
                <![CDATA["Linked List Functionality"]]>
              </value>
            </param>
          </params>
          <reporter-output>
          </reporter-output>
        </test-method> <!-- runScenario -->
        <test-method signature="runScenario(io.cucumber.testng.PickleWrapper,io.cucumber.testng.FeatureWrapper)[pri:0, instance:dsAlgo_TestRunner.TestRunner@59e505b2]" started-at="2025-02-24T23:24:59 EST" name="runScenario" description="Runs Cucumber Scenarios" data-provider="scenarios" finished-at="2025-02-24T23:26:12 EST" duration-ms="72382" status="PASS">
          <params>
            <param index="0">
              <value>
                <![CDATA["Verify that the user is able to see output for valid, invalid and incorrect syntax Python code is entered for the Traversal page"]]>
              </value>
            </param>
            <param index="1">
              <value>
                <![CDATA["Linked List Functionality"]]>
              </value>
            </param>
          </params>
          <reporter-output>
          </reporter-output>
        </test-method> <!-- runScenario -->
        <test-method signature="runScenario(io.cucumber.testng.PickleWrapper,io.cucumber.testng.FeatureWrapper)[pri:0, instance:dsAlgo_TestRunner.TestRunner@59e505b2]" started-at="2025-02-24T23:25:03 EST" name="runScenario" description="Runs Cucumber Scenarios" data-provider="scenarios" finished-at="2025-02-24T23:26:10 EST" duration-ms="67183" status="PASS">
          <params>
            <param index="0">
              <value>
                <![CDATA["Verify that the user is able to see output for valid, invalid and incorrect syntax Python code is entered for the Traversal page"]]>
              </value>
            </param>
            <param index="1">
              <value>
                <![CDATA["Linked List Functionality"]]>
              </value>
            </param>
          </params>
          <reporter-output>
          </reporter-output>
        </test-method> <!-- runScenario -->
        <test-method signature="runScenario(io.cucumber.testng.PickleWrapper,io.cucumber.testng.FeatureWrapper)[pri:0, instance:dsAlgo_TestRunner.TestRunner@59e505b2]" started-at="2025-02-24T23:25:31 EST" name="runScenario" description="Runs Cucumber Scenarios" data-provider="scenarios" finished-at="2025-02-24T23:26:22 EST" duration-ms="51152" status="PASS">
          <params>
            <param index="0">
              <value>
                <![CDATA["Verify that the user is able to navigate to Traversal page after clicking <- in the Try Editor window"]]>
              </value>
            </param>
            <param index="1">
              <value>
                <![CDATA["Linked List Functionality"]]>
              </value>
            </param>
          </params>
          <reporter-output>
          </reporter-output>
        </test-method> <!-- runScenario -->
        <test-method signature="runScenario(io.cucumber.testng.PickleWrapper,io.cucumber.testng.FeatureWrapper)[pri:0, instance:dsAlgo_TestRunner.TestRunner@59e505b2]" started-at="2025-02-24T23:25:33 EST" name="runScenario" description="Runs Cucumber Scenarios" data-provider="scenarios" finished-at="2025-02-24T23:26:36 EST" duration-ms="62882" status="PASS">
          <params>
            <param index="0">
              <value>
                <![CDATA["Verify that the user is able to navigate to Insertion page"]]>
              </value>
            </param>
            <param index="1">
              <value>
                <![CDATA["Linked List Functionality"]]>
              </value>
            </param>
          </params>
          <reporter-output>
          </reporter-output>
        </test-method> <!-- runScenario -->
        <test-method signature="runScenario(io.cucumber.testng.PickleWrapper,io.cucumber.testng.FeatureWrapper)[pri:0, instance:dsAlgo_TestRunner.TestRunner@59e505b2]" started-at="2025-02-24T23:25:36 EST" name="runScenario" description="Runs Cucumber Scenarios" data-provider="scenarios" finished-at="2025-02-24T23:26:36 EST" duration-ms="59693" status="PASS">
          <params>
            <param index="0">
              <value>
                <![CDATA["Verify that the user is able to navigate to Try Here >>> page for Insertion page"]]>
              </value>
            </param>
            <param index="1">
              <value>
                <![CDATA["Linked List Functionality"]]>
              </value>
            </param>
          </params>
          <reporter-output>
          </reporter-output>
        </test-method> <!-- runScenario -->
        <test-method signature="runScenario(io.cucumber.testng.PickleWrapper,io.cucumber.testng.FeatureWrapper)[pri:0, instance:dsAlgo_TestRunner.TestRunner@59e505b2]" started-at="2025-02-24T23:25:39 EST" name="runScenario" description="Runs Cucumber Scenarios" data-provider="scenarios" finished-at="2025-02-24T23:26:40 EST" duration-ms="61253" status="PASS">
          <params>
            <param index="0">
              <value>
                <![CDATA["Verify that the user is able to see output for valid, invalid and incorrect syntax Python code is entered for the Insertion page"]]>
              </value>
            </param>
            <param index="1">
              <value>
                <![CDATA["Linked List Functionality"]]>
              </value>
            </param>
          </params>
          <reporter-output>
          </reporter-output>
        </test-method> <!-- runScenario -->
        <test-method signature="runScenario(io.cucumber.testng.PickleWrapper,io.cucumber.testng.FeatureWrapper)[pri:0, instance:dsAlgo_TestRunner.TestRunner@59e505b2]" started-at="2025-02-24T23:25:54 EST" name="runScenario" description="Runs Cucumber Scenarios" data-provider="scenarios" finished-at="2025-02-24T23:26:47 EST" duration-ms="52452" status="PASS">
          <params>
            <param index="0">
              <value>
                <![CDATA["Verify that the user is able to see output for valid, invalid and incorrect syntax Python code is entered for the Insertion page"]]>
              </value>
            </param>
            <param index="1">
              <value>
                <![CDATA["Linked List Functionality"]]>
              </value>
            </param>
          </params>
          <reporter-output>
          </reporter-output>
        </test-method> <!-- runScenario -->
        <test-method signature="runScenario(io.cucumber.testng.PickleWrapper,io.cucumber.testng.FeatureWrapper)[pri:0, instance:dsAlgo_TestRunner.TestRunner@59e505b2]" started-at="2025-02-24T23:26:03 EST" name="runScenario" description="Runs Cucumber Scenarios" data-provider="scenarios" finished-at="2025-02-24T23:26:54 EST" duration-ms="50865" status="PASS">
          <params>
            <param index="0">
              <value>
                <![CDATA["Verify that the user is able to see output for valid, invalid and incorrect syntax Python code is entered for the Insertion page"]]>
              </value>
            </param>
            <param index="1">
              <value>
                <![CDATA["Linked List Functionality"]]>
              </value>
            </param>
          </params>
          <reporter-output>
          </reporter-output>
        </test-method> <!-- runScenario -->
        <test-method signature="runScenario(io.cucumber.testng.PickleWrapper,io.cucumber.testng.FeatureWrapper)[pri:0, instance:dsAlgo_TestRunner.TestRunner@59e505b2]" started-at="2025-02-24T23:26:05 EST" name="runScenario" description="Runs Cucumber Scenarios" data-provider="scenarios" finished-at="2025-02-24T23:27:22 EST" duration-ms="76960" status="PASS">
          <params>
            <param index="0">
              <value>
                <![CDATA["Verify that the user is able to navigate to Insertion page after clicking <- in the Try Editor window"]]>
              </value>
            </param>
            <param index="1">
              <value>
                <![CDATA["Linked List Functionality"]]>
              </value>
            </param>
          </params>
          <reporter-output>
          </reporter-output>
        </test-method> <!-- runScenario -->
        <test-method signature="runScenario(io.cucumber.testng.PickleWrapper,io.cucumber.testng.FeatureWrapper)[pri:0, instance:dsAlgo_TestRunner.TestRunner@59e505b2]" started-at="2025-02-24T23:26:10 EST" name="runScenario" description="Runs Cucumber Scenarios" data-provider="scenarios" finished-at="2025-02-24T23:27:21 EST" duration-ms="70412" status="PASS">
          <params>
            <param index="0">
              <value>
                <![CDATA["Verify that the user is able to navigate to Deletion page"]]>
              </value>
            </param>
            <param index="1">
              <value>
                <![CDATA["Linked List Functionality"]]>
              </value>
            </param>
          </params>
          <reporter-output>
          </reporter-output>
        </test-method> <!-- runScenario -->
        <test-method signature="runScenario(io.cucumber.testng.PickleWrapper,io.cucumber.testng.FeatureWrapper)[pri:0, instance:dsAlgo_TestRunner.TestRunner@59e505b2]" started-at="2025-02-24T23:26:11 EST" name="runScenario" description="Runs Cucumber Scenarios" data-provider="scenarios" finished-at="2025-02-24T23:27:36 EST" duration-ms="85252" status="PASS">
          <params>
            <param index="0">
              <value>
                <![CDATA["Verify that the user is able to navigate to Try Here >>> page for Deletion page"]]>
              </value>
            </param>
            <param index="1">
              <value>
                <![CDATA["Linked List Functionality"]]>
              </value>
            </param>
          </params>
          <reporter-output>
          </reporter-output>
        </test-method> <!-- runScenario -->
        <test-method signature="runScenario(io.cucumber.testng.PickleWrapper,io.cucumber.testng.FeatureWrapper)[pri:0, instance:dsAlgo_TestRunner.TestRunner@59e505b2]" started-at="2025-02-24T23:26:12 EST" name="runScenario" description="Runs Cucumber Scenarios" data-provider="scenarios" finished-at="2025-02-24T23:27:45 EST" duration-ms="92799" status="PASS">
          <params>
            <param index="0">
              <value>
                <![CDATA["Verify that the user is able to see output for valid, invalid and incorrect syntax Python code is entered for the Deletion page"]]>
              </value>
            </param>
            <param index="1">
              <value>
                <![CDATA["Linked List Functionality"]]>
              </value>
            </param>
          </params>
          <reporter-output>
          </reporter-output>
        </test-method> <!-- runScenario -->
        <test-method signature="runScenario(io.cucumber.testng.PickleWrapper,io.cucumber.testng.FeatureWrapper)[pri:0, instance:dsAlgo_TestRunner.TestRunner@59e505b2]" started-at="2025-02-24T23:26:22 EST" name="runScenario" description="Runs Cucumber Scenarios" data-provider="scenarios" finished-at="2025-02-24T23:27:35 EST" duration-ms="72562" status="PASS">
          <params>
            <param index="0">
              <value>
                <![CDATA["Verify that the user is able to see output for valid, invalid and incorrect syntax Python code is entered for the Deletion page"]]>
              </value>
            </param>
            <param index="1">
              <value>
                <![CDATA["Linked List Functionality"]]>
              </value>
            </param>
          </params>
          <reporter-output>
          </reporter-output>
        </test-method> <!-- runScenario -->
        <test-method signature="runScenario(io.cucumber.testng.PickleWrapper,io.cucumber.testng.FeatureWrapper)[pri:0, instance:dsAlgo_TestRunner.TestRunner@59e505b2]" started-at="2025-02-24T23:26:36 EST" name="runScenario" description="Runs Cucumber Scenarios" data-provider="scenarios" finished-at="2025-02-24T23:27:54 EST" duration-ms="78670" status="PASS">
          <params>
            <param index="0">
              <value>
                <![CDATA["Verify that the user is able to see output for valid, invalid and incorrect syntax Python code is entered for the Deletion page"]]>
              </value>
            </param>
            <param index="1">
              <value>
                <![CDATA["Linked List Functionality"]]>
              </value>
            </param>
          </params>
          <reporter-output>
          </reporter-output>
        </test-method> <!-- runScenario -->
        <test-method signature="runScenario(io.cucumber.testng.PickleWrapper,io.cucumber.testng.FeatureWrapper)[pri:0, instance:dsAlgo_TestRunner.TestRunner@59e505b2]" started-at="2025-02-24T23:26:36 EST" name="runScenario" description="Runs Cucumber Scenarios" data-provider="scenarios" finished-at="2025-02-24T23:27:54 EST" duration-ms="78563" status="PASS">
          <params>
            <param index="0">
              <value>
                <![CDATA["Verify that the user is able to navigate to Deletion page after clicking <- in the Try Editor window"]]>
              </value>
            </param>
            <param index="1">
              <value>
                <![CDATA["Linked List Functionality"]]>
              </value>
            </param>
          </params>
          <reporter-output>
          </reporter-output>
        </test-method> <!-- runScenario -->
        <test-method signature="runScenario(io.cucumber.testng.PickleWrapper,io.cucumber.testng.FeatureWrapper)[pri:0, instance:dsAlgo_TestRunner.TestRunner@59e505b2]" started-at="2025-02-24T23:26:40 EST" name="runScenario" description="Runs Cucumber Scenarios" data-provider="scenarios" finished-at="2025-02-24T23:28:04 EST" duration-ms="83591" status="PASS">
          <params>
            <param index="0">
              <value>
                <![CDATA["Verify whether the user is able to navigate to Practice Questions page after clicking Practice Questions link in the Linked List page"]]>
              </value>
            </param>
            <param index="1">
              <value>
                <![CDATA["Linked List Functionality"]]>
              </value>
            </param>
          </params>
          <reporter-output>
          </reporter-output>
        </test-method> <!-- runScenario -->
        <test-method signature="runScenario(io.cucumber.testng.PickleWrapper,io.cucumber.testng.FeatureWrapper)[pri:0, instance:dsAlgo_TestRunner.TestRunner@59e505b2]" started-at="2025-02-24T23:26:47 EST" name="runScenario" description="Runs Cucumber Scenarios" data-provider="scenarios" finished-at="2025-02-24T23:27:54 EST" duration-ms="67617" status="PASS">
          <params>
            <param index="0">
              <value>
                <![CDATA["Verify user enters username and password fields"]]>
              </value>
            </param>
            <param index="1">
              <value>
                <![CDATA["Login Functionality"]]>
              </value>
            </param>
          </params>
          <reporter-output>
          </reporter-output>
        </test-method> <!-- runScenario -->
        <test-method signature="runScenario(io.cucumber.testng.PickleWrapper,io.cucumber.testng.FeatureWrapper)[pri:0, instance:dsAlgo_TestRunner.TestRunner@59e505b2]" started-at="2025-02-24T23:26:54 EST" name="runScenario" description="Runs Cucumber Scenarios" data-provider="scenarios" finished-at="2025-02-24T23:27:55 EST" duration-ms="61735" status="PASS">
          <params>
            <param index="0">
              <value>
                <![CDATA["Verify user receives error message when username and password fields are blank during Login"]]>
              </value>
            </param>
            <param index="1">
              <value>
                <![CDATA["Login Functionality"]]>
              </value>
            </param>
          </params>
          <reporter-output>
          </reporter-output>
        </test-method> <!-- runScenario -->
        <test-method signature="runScenario(io.cucumber.testng.PickleWrapper,io.cucumber.testng.FeatureWrapper)[pri:0, instance:dsAlgo_TestRunner.TestRunner@59e505b2]" started-at="2025-02-24T23:27:21 EST" name="runScenario" description="Runs Cucumber Scenarios" data-provider="scenarios" finished-at="2025-02-24T23:28:16 EST" duration-ms="54938" status="PASS">
          <params>
            <param index="0">
              <value>
                <![CDATA["Verify user receives error message when username and password fields are blank during Login"]]>
              </value>
            </param>
            <param index="1">
              <value>
                <![CDATA["Login Functionality"]]>
              </value>
            </param>
          </params>
          <reporter-output>
          </reporter-output>
        </test-method> <!-- runScenario -->
        <test-method signature="runScenario(io.cucumber.testng.PickleWrapper,io.cucumber.testng.FeatureWrapper)[pri:0, instance:dsAlgo_TestRunner.TestRunner@59e505b2]" started-at="2025-02-24T23:27:22 EST" name="runScenario" description="Runs Cucumber Scenarios" data-provider="scenarios" finished-at="2025-02-24T23:28:16 EST" duration-ms="53835" status="PASS">
          <params>
            <param index="0">
              <value>
                <![CDATA["Verify user receives error message for Invalid Username and Password during Login"]]>
              </value>
            </param>
            <param index="1">
              <value>
                <![CDATA["Login Functionality"]]>
              </value>
            </param>
          </params>
          <reporter-output>
          </reporter-output>
        </test-method> <!-- runScenario -->
        <test-method signature="runScenario(io.cucumber.testng.PickleWrapper,io.cucumber.testng.FeatureWrapper)[pri:0, instance:dsAlgo_TestRunner.TestRunner@59e505b2]" started-at="2025-02-24T23:27:35 EST" name="runScenario" description="Runs Cucumber Scenarios" data-provider="scenarios" finished-at="2025-02-24T23:28:26 EST" duration-ms="50700" status="PASS">
          <params>
            <param index="0">
              <value>
                <![CDATA["Verify user receives error message for Invalid Username and Password during Login"]]>
              </value>
            </param>
            <param index="1">
              <value>
                <![CDATA["Login Functionality"]]>
              </value>
            </param>
          </params>
          <reporter-output>
          </reporter-output>
        </test-method> <!-- runScenario -->
        <test-method signature="runScenario(io.cucumber.testng.PickleWrapper,io.cucumber.testng.FeatureWrapper)[pri:0, instance:dsAlgo_TestRunner.TestRunner@59e505b2]" started-at="2025-02-24T23:27:36 EST" name="runScenario" description="Runs Cucumber Scenarios" data-provider="scenarios" finished-at="2025-02-24T23:28:31 EST" duration-ms="54452" status="PASS">
          <params>
            <param index="0">
              <value>
                <![CDATA["Verify that the user is able to click on Get Started button under Queue section"]]>
              </value>
            </param>
            <param index="1">
              <value>
                <![CDATA["Queue Module"]]>
              </value>
            </param>
          </params>
          <reporter-output>
          </reporter-output>
        </test-method> <!-- runScenario -->
        <test-method signature="runScenario(io.cucumber.testng.PickleWrapper,io.cucumber.testng.FeatureWrapper)[pri:0, instance:dsAlgo_TestRunner.TestRunner@59e505b2]" started-at="2025-02-24T23:27:45 EST" name="runScenario" description="Runs Cucumber Scenarios" data-provider="scenarios" finished-at="2025-02-24T23:28:35 EST" duration-ms="50136" status="PASS">
          <params>
            <param index="0">
              <value>
                <![CDATA["Verify that the Implementation of Queue in Python link is enabled in the Queue page"]]>
              </value>
            </param>
            <param index="1">
              <value>
                <![CDATA["Queue Module"]]>
              </value>
            </param>
          </params>
          <reporter-output>
          </reporter-output>
        </test-method> <!-- runScenario -->
        <test-method signature="runScenario(io.cucumber.testng.PickleWrapper,io.cucumber.testng.FeatureWrapper)[pri:0, instance:dsAlgo_TestRunner.TestRunner@59e505b2]" started-at="2025-02-24T23:27:54 EST" name="runScenario" description="Runs Cucumber Scenarios" data-provider="scenarios" finished-at="2025-02-24T23:28:58 EST" duration-ms="63778" status="PASS">
          <params>
            <param index="0">
              <value>
                <![CDATA["Verify that the Implementation using collections.deque link is enabled in the Queue page"]]>
              </value>
            </param>
            <param index="1">
              <value>
                <![CDATA["Queue Module"]]>
              </value>
            </param>
          </params>
          <reporter-output>
          </reporter-output>
        </test-method> <!-- runScenario -->
        <test-method signature="runScenario(io.cucumber.testng.PickleWrapper,io.cucumber.testng.FeatureWrapper)[pri:0, instance:dsAlgo_TestRunner.TestRunner@59e505b2]" started-at="2025-02-24T23:27:54 EST" name="runScenario" description="Runs Cucumber Scenarios" data-provider="scenarios" finished-at="2025-02-24T23:28:57 EST" duration-ms="63023" status="PASS">
          <params>
            <param index="0">
              <value>
                <![CDATA["Verify that the Implementation using Array link is enabled in the Queue page"]]>
              </value>
            </param>
            <param index="1">
              <value>
                <![CDATA["Queue Module"]]>
              </value>
            </param>
          </params>
          <reporter-output>
          </reporter-output>
        </test-method> <!-- runScenario -->
        <test-method signature="runScenario(io.cucumber.testng.PickleWrapper,io.cucumber.testng.FeatureWrapper)[pri:0, instance:dsAlgo_TestRunner.TestRunner@59e505b2]" started-at="2025-02-24T23:27:54 EST" name="runScenario" description="Runs Cucumber Scenarios" data-provider="scenarios" finished-at="2025-02-24T23:28:58 EST" duration-ms="63654" status="PASS">
          <params>
            <param index="0">
              <value>
                <![CDATA["Verify that the Queue Operations link is enabled in the Queue page"]]>
              </value>
            </param>
            <param index="1">
              <value>
                <![CDATA["Queue Module"]]>
              </value>
            </param>
          </params>
          <reporter-output>
          </reporter-output>
        </test-method> <!-- runScenario -->
        <test-method signature="runScenario(io.cucumber.testng.PickleWrapper,io.cucumber.testng.FeatureWrapper)[pri:0, instance:dsAlgo_TestRunner.TestRunner@59e505b2]" started-at="2025-02-24T23:27:56 EST" name="runScenario" description="Runs Cucumber Scenarios" data-provider="scenarios" finished-at="2025-02-24T23:29:05 EST" duration-ms="69570" status="PASS">
          <params>
            <param index="0">
              <value>
                <![CDATA["Verify that the user is able to navigate to Implementation of Queue in Python page"]]>
              </value>
            </param>
            <param index="1">
              <value>
                <![CDATA["Queue Module"]]>
              </value>
            </param>
          </params>
          <reporter-output>
          </reporter-output>
        </test-method> <!-- runScenario -->
        <test-method signature="runScenario(io.cucumber.testng.PickleWrapper,io.cucumber.testng.FeatureWrapper)[pri:0, instance:dsAlgo_TestRunner.TestRunner@59e505b2]" started-at="2025-02-24T23:28:04 EST" name="runScenario" description="Runs Cucumber Scenarios" data-provider="scenarios" finished-at="2025-02-24T23:29:09 EST" duration-ms="65110" status="PASS">
          <params>
            <param index="0">
              <value>
                <![CDATA["Verify that the user is able to navigate to Try Here >>> page for Implementation of Queue in Python page"]]>
              </value>
            </param>
            <param index="1">
              <value>
                <![CDATA["Queue Module"]]>
              </value>
            </param>
          </params>
          <reporter-output>
          </reporter-output>
        </test-method> <!-- runScenario -->
        <test-method signature="runScenario(io.cucumber.testng.PickleWrapper,io.cucumber.testng.FeatureWrapper)[pri:0, instance:dsAlgo_TestRunner.TestRunner@59e505b2]" started-at="2025-02-24T23:28:16 EST" name="runScenario" description="Runs Cucumber Scenarios" data-provider="scenarios" finished-at="2025-02-24T23:29:41 EST" duration-ms="84788" status="PASS">
          <params>
            <param index="0">
              <value>
                <![CDATA["Verify that the user is able to see output for valid, invalid and incorrect syntax Python code is entered for the Implementation of Queue in Python page"]]>
              </value>
            </param>
            <param index="1">
              <value>
                <![CDATA["Queue Module"]]>
              </value>
            </param>
          </params>
          <reporter-output>
          </reporter-output>
        </test-method> <!-- runScenario -->
        <test-method signature="runScenario(io.cucumber.testng.PickleWrapper,io.cucumber.testng.FeatureWrapper)[pri:0, instance:dsAlgo_TestRunner.TestRunner@59e505b2]" started-at="2025-02-24T23:28:16 EST" name="runScenario" description="Runs Cucumber Scenarios" data-provider="scenarios" finished-at="2025-02-24T23:29:40 EST" duration-ms="84452" status="PASS">
          <params>
            <param index="0">
              <value>
                <![CDATA["Verify that the user is able to see output for valid, invalid and incorrect syntax Python code is entered for the Implementation of Queue in Python page"]]>
              </value>
            </param>
            <param index="1">
              <value>
                <![CDATA["Queue Module"]]>
              </value>
            </param>
          </params>
          <reporter-output>
          </reporter-output>
        </test-method> <!-- runScenario -->
        <test-method signature="runScenario(io.cucumber.testng.PickleWrapper,io.cucumber.testng.FeatureWrapper)[pri:0, instance:dsAlgo_TestRunner.TestRunner@59e505b2]" started-at="2025-02-24T23:28:26 EST" name="runScenario" description="Runs Cucumber Scenarios" data-provider="scenarios" finished-at="2025-02-24T23:29:38 EST" duration-ms="72767" status="PASS">
          <params>
            <param index="0">
              <value>
                <![CDATA["Verify that the user is able to see output for valid, invalid and incorrect syntax Python code is entered for the Implementation of Queue in Python page"]]>
              </value>
            </param>
            <param index="1">
              <value>
                <![CDATA["Queue Module"]]>
              </value>
            </param>
          </params>
          <reporter-output>
          </reporter-output>
        </test-method> <!-- runScenario -->
        <test-method signature="runScenario(io.cucumber.testng.PickleWrapper,io.cucumber.testng.FeatureWrapper)[pri:0, instance:dsAlgo_TestRunner.TestRunner@59e505b2]" started-at="2025-02-24T23:28:31 EST" name="runScenario" description="Runs Cucumber Scenarios" data-provider="scenarios" finished-at="2025-02-24T23:29:40 EST" duration-ms="69569" status="PASS">
          <params>
            <param index="0">
              <value>
                <![CDATA["Verify that the user is able to navigate to Implementation using collections.deque in Python page"]]>
              </value>
            </param>
            <param index="1">
              <value>
                <![CDATA["Queue Module"]]>
              </value>
            </param>
          </params>
          <reporter-output>
          </reporter-output>
        </test-method> <!-- runScenario -->
        <test-method signature="runScenario(io.cucumber.testng.PickleWrapper,io.cucumber.testng.FeatureWrapper)[pri:0, instance:dsAlgo_TestRunner.TestRunner@59e505b2]" started-at="2025-02-24T23:28:35 EST" name="runScenario" description="Runs Cucumber Scenarios" data-provider="scenarios" finished-at="2025-02-24T23:29:40 EST" duration-ms="65600" status="PASS">
          <params>
            <param index="0">
              <value>
                <![CDATA["Verify that the user is able to navigate to Try Here >>> page for Implementation using collections.deque page"]]>
              </value>
            </param>
            <param index="1">
              <value>
                <![CDATA["Queue Module"]]>
              </value>
            </param>
          </params>
          <reporter-output>
          </reporter-output>
        </test-method> <!-- runScenario -->
        <test-method signature="runScenario(io.cucumber.testng.PickleWrapper,io.cucumber.testng.FeatureWrapper)[pri:0, instance:dsAlgo_TestRunner.TestRunner@59e505b2]" started-at="2025-02-24T23:28:57 EST" name="runScenario" description="Runs Cucumber Scenarios" data-provider="scenarios" finished-at="2025-02-24T23:30:12 EST" duration-ms="74423" status="PASS">
          <params>
            <param index="0">
              <value>
                <![CDATA["Verify that the user is able to see output for valid, invalid and incorrect syntax Python code is entered for the Implementation using collections.deque page"]]>
              </value>
            </param>
            <param index="1">
              <value>
                <![CDATA["Queue Module"]]>
              </value>
            </param>
          </params>
          <reporter-output>
          </reporter-output>
        </test-method> <!-- runScenario -->
        <test-method signature="runScenario(io.cucumber.testng.PickleWrapper,io.cucumber.testng.FeatureWrapper)[pri:0, instance:dsAlgo_TestRunner.TestRunner@59e505b2]" started-at="2025-02-24T23:28:58 EST" name="runScenario" description="Runs Cucumber Scenarios" data-provider="scenarios" finished-at="2025-02-24T23:30:12 EST" duration-ms="73764" status="PASS">
          <params>
            <param index="0">
              <value>
                <![CDATA["Verify that the user is able to see output for valid, invalid and incorrect syntax Python code is entered for the Implementation using collections.deque page"]]>
              </value>
            </param>
            <param index="1">
              <value>
                <![CDATA["Queue Module"]]>
              </value>
            </param>
          </params>
          <reporter-output>
          </reporter-output>
        </test-method> <!-- runScenario -->
        <test-method signature="runScenario(io.cucumber.testng.PickleWrapper,io.cucumber.testng.FeatureWrapper)[pri:0, instance:dsAlgo_TestRunner.TestRunner@59e505b2]" started-at="2025-02-24T23:28:58 EST" name="runScenario" description="Runs Cucumber Scenarios" data-provider="scenarios" finished-at="2025-02-24T23:30:06 EST" duration-ms="67620" status="PASS">
          <params>
            <param index="0">
              <value>
                <![CDATA["Verify that the user is able to see output for valid, invalid and incorrect syntax Python code is entered for the Implementation using collections.deque page"]]>
              </value>
            </param>
            <param index="1">
              <value>
                <![CDATA["Queue Module"]]>
              </value>
            </param>
          </params>
          <reporter-output>
          </reporter-output>
        </test-method> <!-- runScenario -->
        <test-method signature="runScenario(io.cucumber.testng.PickleWrapper,io.cucumber.testng.FeatureWrapper)[pri:0, instance:dsAlgo_TestRunner.TestRunner@59e505b2]" started-at="2025-02-24T23:29:05 EST" name="runScenario" description="Runs Cucumber Scenarios" data-provider="scenarios" finished-at="2025-02-24T23:30:21 EST" duration-ms="75633" status="PASS">
          <params>
            <param index="0">
              <value>
                <![CDATA["Verify that the user is able to navigate to Implementation using Array page"]]>
              </value>
            </param>
            <param index="1">
              <value>
                <![CDATA["Queue Module"]]>
              </value>
            </param>
          </params>
          <reporter-output>
          </reporter-output>
        </test-method> <!-- runScenario -->
        <test-method signature="runScenario(io.cucumber.testng.PickleWrapper,io.cucumber.testng.FeatureWrapper)[pri:0, instance:dsAlgo_TestRunner.TestRunner@59e505b2]" started-at="2025-02-24T23:29:09 EST" name="runScenario" description="Runs Cucumber Scenarios" data-provider="scenarios" finished-at="2025-02-24T23:30:21 EST" duration-ms="71865" status="PASS">
          <params>
            <param index="0">
              <value>
                <![CDATA["Verify that the user is able to navigate to Try Here >>> page for Implementation using Array page"]]>
              </value>
            </param>
            <param index="1">
              <value>
                <![CDATA["Queue Module"]]>
              </value>
            </param>
          </params>
          <reporter-output>
          </reporter-output>
        </test-method> <!-- runScenario -->
        <test-method signature="runScenario(io.cucumber.testng.PickleWrapper,io.cucumber.testng.FeatureWrapper)[pri:0, instance:dsAlgo_TestRunner.TestRunner@59e505b2]" started-at="2025-02-24T23:29:38 EST" name="runScenario" description="Runs Cucumber Scenarios" data-provider="scenarios" finished-at="2025-02-24T23:30:55 EST" duration-ms="76733" status="PASS">
          <params>
            <param index="0">
              <value>
                <![CDATA["Verify that the user is able to see output for valid, invalid and incorrect syntax Python code is entered for the Implementation using Array page"]]>
              </value>
            </param>
            <param index="1">
              <value>
                <![CDATA["Queue Module"]]>
              </value>
            </param>
          </params>
          <reporter-output>
          </reporter-output>
        </test-method> <!-- runScenario -->
        <test-method signature="runScenario(io.cucumber.testng.PickleWrapper,io.cucumber.testng.FeatureWrapper)[pri:0, instance:dsAlgo_TestRunner.TestRunner@59e505b2]" started-at="2025-02-24T23:29:40 EST" name="runScenario" description="Runs Cucumber Scenarios" data-provider="scenarios" finished-at="2025-02-24T23:31:15 EST" duration-ms="94308" status="PASS">
          <params>
            <param index="0">
              <value>
                <![CDATA["Verify that the user is able to see output for valid, invalid and incorrect syntax Python code is entered for the Implementation using Array page"]]>
              </value>
            </param>
            <param index="1">
              <value>
                <![CDATA["Queue Module"]]>
              </value>
            </param>
          </params>
          <reporter-output>
          </reporter-output>
        </test-method> <!-- runScenario -->
        <test-method signature="runScenario(io.cucumber.testng.PickleWrapper,io.cucumber.testng.FeatureWrapper)[pri:0, instance:dsAlgo_TestRunner.TestRunner@59e505b2]" started-at="2025-02-24T23:29:40 EST" name="runScenario" description="Runs Cucumber Scenarios" data-provider="scenarios" finished-at="2025-02-24T23:30:55 EST" duration-ms="74691" status="PASS">
          <params>
            <param index="0">
              <value>
                <![CDATA["Verify that the user is able to navigate to Queue Operations page"]]>
              </value>
            </param>
            <param index="1">
              <value>
                <![CDATA["Queue Module"]]>
              </value>
            </param>
          </params>
          <reporter-output>
          </reporter-output>
        </test-method> <!-- runScenario -->
        <test-method signature="runScenario(io.cucumber.testng.PickleWrapper,io.cucumber.testng.FeatureWrapper)[pri:0, instance:dsAlgo_TestRunner.TestRunner@59e505b2]" started-at="2025-02-24T23:29:40 EST" name="runScenario" description="Runs Cucumber Scenarios" data-provider="scenarios" finished-at="2025-02-24T23:31:15 EST" duration-ms="94397" status="PASS">
          <params>
            <param index="0">
              <value>
                <![CDATA["Verify that the user is able to see output for valid, invalid and incorrect syntax Python code is entered for the Implementation using Array page"]]>
              </value>
            </param>
            <param index="1">
              <value>
                <![CDATA["Queue Module"]]>
              </value>
            </param>
          </params>
          <reporter-output>
          </reporter-output>
        </test-method> <!-- runScenario -->
        <test-method signature="runScenario(io.cucumber.testng.PickleWrapper,io.cucumber.testng.FeatureWrapper)[pri:0, instance:dsAlgo_TestRunner.TestRunner@59e505b2]" started-at="2025-02-24T23:29:41 EST" name="runScenario" description="Runs Cucumber Scenarios" data-provider="scenarios" finished-at="2025-02-24T23:30:55 EST" duration-ms="74699" status="PASS">
          <params>
            <param index="0">
              <value>
                <![CDATA["Verify that the user is able to navigate to Try Here >>> page for Queue Operations page"]]>
              </value>
            </param>
            <param index="1">
              <value>
                <![CDATA["Queue Module"]]>
              </value>
            </param>
          </params>
          <reporter-output>
          </reporter-output>
        </test-method> <!-- runScenario -->
        <test-method signature="runScenario(io.cucumber.testng.PickleWrapper,io.cucumber.testng.FeatureWrapper)[pri:0, instance:dsAlgo_TestRunner.TestRunner@59e505b2]" started-at="2025-02-24T23:30:06 EST" name="runScenario" description="Runs Cucumber Scenarios" data-provider="scenarios" finished-at="2025-02-24T23:31:31 EST" duration-ms="85480" status="PASS">
          <params>
            <param index="0">
              <value>
                <![CDATA["Verify that the user is able to see output for valid, invalid and incorrect syntax Python code is entered for the Queue Operations page"]]>
              </value>
            </param>
            <param index="1">
              <value>
                <![CDATA["Queue Module"]]>
              </value>
            </param>
          </params>
          <reporter-output>
          </reporter-output>
        </test-method> <!-- runScenario -->
        <test-method signature="runScenario(io.cucumber.testng.PickleWrapper,io.cucumber.testng.FeatureWrapper)[pri:0, instance:dsAlgo_TestRunner.TestRunner@59e505b2]" started-at="2025-02-24T23:30:12 EST" name="runScenario" description="Runs Cucumber Scenarios" data-provider="scenarios" finished-at="2025-02-24T23:31:15 EST" duration-ms="62980" status="PASS">
          <params>
            <param index="0">
              <value>
                <![CDATA["Verify that the user is able to see output for valid, invalid and incorrect syntax Python code is entered for the Queue Operations page"]]>
              </value>
            </param>
            <param index="1">
              <value>
                <![CDATA["Queue Module"]]>
              </value>
            </param>
          </params>
          <reporter-output>
          </reporter-output>
        </test-method> <!-- runScenario -->
        <test-method signature="runScenario(io.cucumber.testng.PickleWrapper,io.cucumber.testng.FeatureWrapper)[pri:0, instance:dsAlgo_TestRunner.TestRunner@59e505b2]" started-at="2025-02-24T23:30:12 EST" name="runScenario" description="Runs Cucumber Scenarios" data-provider="scenarios" finished-at="2025-02-24T23:31:31 EST" duration-ms="78957" status="PASS">
          <params>
            <param index="0">
              <value>
                <![CDATA["Verify that the user is able to see output for valid, invalid and incorrect syntax Python code is entered for the Queue Operations page"]]>
[...]
at java.base/java.lang.reflect.Constructor.newInstanceWithCaller(Constructor.java:501)
at java.base/java.lang.reflect.Constructor.newInstance(Constructor.java:485)
at org.openqa.selenium.remote.ErrorCodec.decode(ErrorCodec.java:167)
at org.openqa.selenium.remote.codec.w3c.W3CHttpResponseCodec.decode(W3CHttpResponseCodec.java:138)
at org.openqa.selenium.remote.codec.w3c.W3CHttpResponseCodec.decode(W3CHttpResponseCodec.java:50)
at org.openqa.selenium.remote.HttpCommandExecutor.execute(HttpCommandExecutor.java:215)
at org.openqa.selenium.remote.service.DriverCommandExecutor.invokeExecute(DriverCommandExecutor.java:216)
at org.openqa.selenium.remote.service.DriverCommandExecutor.execute(DriverCommandExecutor.java:174)
at org.openqa.selenium.remote.RemoteWebDriver.execute(RemoteWebDriver.java:545)
at org.openqa.selenium.remote.ElementLocation$ElementFinder$2.findElement(ElementLocation.java:165)
at org.openqa.selenium.remote.ElementLocation.findElement(ElementLocation.java:59)
at org.openqa.selenium.remote.RemoteWebDriver.findElement(RemoteWebDriver.java:368)
at org.openqa.selenium.remote.RemoteWebDriver.findElement(RemoteWebDriver.java:362)
at org.openqa.selenium.support.pagefactory.DefaultElementLocator.findElement(DefaultElementLocator.java:68)
at org.openqa.selenium.support.pagefactory.internal.LocatingElementHandler.invoke(LocatingElementHandler.java:38)
at jdk.proxy2/jdk.proxy2.$Proxy44.getText(Unknown Source)
at dsAlgo_PageFactory.Register_PageFactory.successMessageDisplayed(Register_PageFactory.java:61)
at dsAlgo_StepDefinition.Register.user_should_be_able_to_naviagte_to_home_page_and_get_the_success_message(Register.java:144)
at ✽.User should be able to naviagte to home page and get the success message(file:///C:/Users/Vijayalakshmi/git/CodeCrackers_DsAlgo/src/test/resources/features/Register.feature:74)
]]>
            </full-stacktrace>
          </exception> <!-- org.openqa.selenium.NoSuchElementException -->
          <reporter-output>
          </reporter-output>
        </test-method> <!-- runScenario -->
        <test-method signature="runScenario(io.cucumber.testng.PickleWrapper,io.cucumber.testng.FeatureWrapper)[pri:0, instance:dsAlgo_TestRunner.TestRunner@59e505b2]" started-at="2025-02-24T23:32:28 EST" name="runScenario" description="Runs Cucumber Scenarios" data-provider="scenarios" finished-at="2025-02-24T23:33:51 EST" duration-ms="82225" status="PASS">
          <params>
            <param index="0">
              <value>
                <![CDATA["Verify that the user is able to click on Get Started button under Stack section"]]>
              </value>
            </param>
            <param index="1">
              <value>
                <![CDATA["Stack Module"]]>
              </value>
            </param>
          </params>
          <reporter-output>
          </reporter-output>
        </test-method> <!-- runScenario -->
        <test-method signature="runScenario(io.cucumber.testng.PickleWrapper,io.cucumber.testng.FeatureWrapper)[pri:0, instance:dsAlgo_TestRunner.TestRunner@59e505b2]" started-at="2025-02-24T23:32:30 EST" name="runScenario" description="Runs Cucumber Scenarios" data-provider="scenarios" finished-at="2025-02-24T23:33:51 EST" duration-ms="80574" status="PASS">
          <params>
            <param index="0">
              <value>
                <![CDATA["Verify that the Operations in Stack link is enabled in the Stack page"]]>
              </value>
            </param>
            <param index="1">
              <value>
                <![CDATA["Stack Module"]]>
              </value>
            </param>
          </params>
          <reporter-output>
          </reporter-output>
        </test-method> <!-- runScenario -->
        <test-method signature="runScenario(io.cucumber.testng.PickleWrapper,io.cucumber.testng.FeatureWrapper)[pri:0, instance:dsAlgo_TestRunner.TestRunner@59e505b2]" started-at="2025-02-24T23:32:30 EST" name="runScenario" description="Runs Cucumber Scenarios" data-provider="scenarios" finished-at="2025-02-24T23:33:50 EST" duration-ms="79986" status="PASS">
          <params>
            <param index="0">
              <value>
                <![CDATA["Verify that the Implementation link is enabled in the Stack page"]]>
              </value>
            </param>
            <param index="1">
              <value>
                <![CDATA["Stack Module"]]>
              </value>
            </param>
          </params>
          <reporter-output>
          </reporter-output>
        </test-method> <!-- runScenario -->
        <test-method signature="runScenario(io.cucumber.testng.PickleWrapper,io.cucumber.testng.FeatureWrapper)[pri:0, instance:dsAlgo_TestRunner.TestRunner@59e505b2]" started-at="2025-02-24T23:32:47 EST" name="runScenario" description="Runs Cucumber Scenarios" data-provider="scenarios" finished-at="2025-02-24T23:34:00 EST" duration-ms="73116" status="PASS">
          <params>
            <param index="0">
              <value>
                <![CDATA["Verify that the Applications link is enabled in the Stack page"]]>
              </value>
            </param>
            <param index="1">
              <value>
                <![CDATA["Stack Module"]]>
              </value>
            </param>
          </params>
          <reporter-output>
          </reporter-output>
        </test-method> <!-- runScenario -->
        <test-method signature="runScenario(io.cucumber.testng.PickleWrapper,io.cucumber.testng.FeatureWrapper)[pri:0, instance:dsAlgo_TestRunner.TestRunner@59e505b2]" started-at="2025-02-24T23:32:50 EST" name="runScenario" description="Runs Cucumber Scenarios" data-provider="scenarios" finished-at="2025-02-24T23:33:51 EST" duration-ms="60570" status="PASS">
          <params>
            <param index="0">
              <value>
                <![CDATA["Verify that the user is able to navigate to Operations in Stack page"]]>
              </value>
            </param>
            <param index="1">
              <value>
                <![CDATA["Stack Module"]]>
              </value>
            </param>
          </params>
          <reporter-output>
          </reporter-output>
        </test-method> <!-- runScenario -->
        <test-method signature="runScenario(io.cucumber.testng.PickleWrapper,io.cucumber.testng.FeatureWrapper)[pri:0, instance:dsAlgo_TestRunner.TestRunner@59e505b2]" started-at="2025-02-24T23:32:54 EST" name="runScenario" description="Runs Cucumber Scenarios" data-provider="scenarios" finished-at="2025-02-24T23:34:03 EST" duration-ms="68366" status="PASS">
          <params>
            <param index="0">
              <value>
                <![CDATA["Verify that the user is able to navigate to Try Here >>> page for Operations in Stack page"]]>
              </value>
            </param>
            <param index="1">
              <value>
                <![CDATA["Stack Module"]]>
              </value>
            </param>
          </params>
          <reporter-output>
          </reporter-output>
        </test-method> <!-- runScenario -->
        <test-method signature="runScenario(io.cucumber.testng.PickleWrapper,io.cucumber.testng.FeatureWrapper)[pri:0, instance:dsAlgo_TestRunner.TestRunner@59e505b2]" started-at="2025-02-24T23:33:08 EST" name="runScenario" description="Runs Cucumber Scenarios" data-provider="scenarios" finished-at="2025-02-24T23:34:10 EST" duration-ms="61612" status="PASS">
          <params>
            <param index="0">
              <value>
                <![CDATA["Verify that the user is able to see output for valid, invalid and incorrect syntax Python code is entered for the Operations in Stack page"]]>
              </value>
            </param>
            <param index="1">
              <value>
                <![CDATA["Stack Module"]]>
              </value>
            </param>
          </params>
          <reporter-output>
          </reporter-output>
        </test-method> <!-- runScenario -->
        <test-method signature="runScenario(io.cucumber.testng.PickleWrapper,io.cucumber.testng.FeatureWrapper)[pri:0, instance:dsAlgo_TestRunner.TestRunner@59e505b2]" started-at="2025-02-24T23:33:28 EST" name="runScenario" description="Runs Cucumber Scenarios" data-provider="scenarios" finished-at="2025-02-24T23:34:31 EST" duration-ms="63536" status="PASS">
          <params>
            <param index="0">
              <value>
                <![CDATA["Verify that the user is able to see output for valid, invalid and incorrect syntax Python code is entered for the Operations in Stack page"]]>
              </value>
            </param>
            <param index="1">
              <value>
                <![CDATA["Stack Module"]]>
              </value>
            </param>
          </params>
          <reporter-output>
          </reporter-output>
        </test-method> <!-- runScenario -->
        <test-method signature="runScenario(io.cucumber.testng.PickleWrapper,io.cucumber.testng.FeatureWrapper)[pri:0, instance:dsAlgo_TestRunner.TestRunner@59e505b2]" started-at="2025-02-24T23:33:30 EST" name="runScenario" description="Runs Cucumber Scenarios" data-provider="scenarios" finished-at="2025-02-24T23:34:30 EST" duration-ms="59703" status="PASS">
          <params>
            <param index="0">
              <value>
                <![CDATA["Verify that the user is able to see output for valid, invalid and incorrect syntax Python code is entered for the Operations in Stack page"]]>
              </value>
            </param>
            <param index="1">
              <value>
                <![CDATA["Stack Module"]]>
              </value>
            </param>
          </params>
          <reporter-output>
          </reporter-output>
        </test-method> <!-- runScenario -->
        <test-method signature="runScenario(io.cucumber.testng.PickleWrapper,io.cucumber.testng.FeatureWrapper)[pri:0, instance:dsAlgo_TestRunner.TestRunner@59e505b2]" started-at="2025-02-24T23:33:30 EST" name="runScenario" description="Runs Cucumber Scenarios" data-provider="scenarios" finished-at="2025-02-24T23:34:29 EST" duration-ms="58811" status="PASS">
          <params>
            <param index="0">
              <value>
                <![CDATA["Verify that the user is able to navigate to Implementation page"]]>
              </value>
            </param>
            <param index="1">
              <value>
                <![CDATA["Stack Module"]]>
              </value>
            </param>
          </params>
          <reporter-output>
          </reporter-output>
        </test-method> <!-- runScenario -->
        <test-method signature="runScenario(io.cucumber.testng.PickleWrapper,io.cucumber.testng.FeatureWrapper)[pri:0, instance:dsAlgo_TestRunner.TestRunner@59e505b2]" started-at="2025-02-24T23:33:50 EST" name="runScenario" description="Runs Cucumber Scenarios" data-provider="scenarios" finished-at="2025-02-24T23:34:59 EST" duration-ms="68527" status="PASS">
          <params>
            <param index="0">
              <value>
                <![CDATA["Verify that the user is able to navigate to Try Here >>> page for Implementation page"]]>
              </value>
            </param>
            <param index="1">
              <value>
                <![CDATA["Stack Module"]]>
              </value>
            </param>
          </params>
          <reporter-output>
          </reporter-output>
        </test-method> <!-- runScenario -->
        <test-method signature="runScenario(io.cucumber.testng.PickleWrapper,io.cucumber.testng.FeatureWrapper)[pri:0, instance:dsAlgo_TestRunner.TestRunner@59e505b2]" started-at="2025-02-24T23:33:51 EST" name="runScenario" description="Runs Cucumber Scenarios" data-provider="scenarios" finished-at="2025-02-24T23:35:01 EST" duration-ms="70347" status="PASS">
          <params>
            <param index="0">
              <value>
                <![CDATA["Verify that the user is able to see output for valid, invalid and incorrect syntax Python code is entered for the Implementation page"]]>
              </value>
            </param>
            <param index="1">
              <value>
                <![CDATA["Stack Module"]]>
              </value>
            </param>
          </params>
          <reporter-output>
          </reporter-output>
        </test-method> <!-- runScenario -->
        <test-method signature="runScenario(io.cucumber.testng.PickleWrapper,io.cucumber.testng.FeatureWrapper)[pri:0, instance:dsAlgo_TestRunner.TestRunner@59e505b2]" started-at="2025-02-24T23:33:51 EST" name="runScenario" description="Runs Cucumber Scenarios" data-provider="scenarios" finished-at="2025-02-24T23:34:54 EST" duration-ms="63804" status="PASS">
          <params>
            <param index="0">
              <value>
                <![CDATA["Verify that the user is able to see output for valid, invalid and incorrect syntax Python code is entered for the Implementation page"]]>
              </value>
            </param>
            <param index="1">
              <value>
                <![CDATA["Stack Module"]]>
              </value>
            </param>
          </params>
          <reporter-output>
          </reporter-output>
        </test-method> <!-- runScenario -->
        <test-method signature="runScenario(io.cucumber.testng.PickleWrapper,io.cucumber.testng.FeatureWrapper)[pri:0, instance:dsAlgo_TestRunner.TestRunner@59e505b2]" started-at="2025-02-24T23:33:51 EST" name="runScenario" description="Runs Cucumber Scenarios" data-provider="scenarios" finished-at="2025-02-24T23:35:02 EST" duration-ms="71788" status="PASS">
          <params>
            <param index="0">
              <value>
                <![CDATA["Verify that the user is able to see output for valid, invalid and incorrect syntax Python code is entered for the Implementation page"]]>
              </value>
            </param>
            <param index="1">
              <value>
                <![CDATA["Stack Module"]]>
              </value>
            </param>
          </params>
          <reporter-output>
          </reporter-output>
        </test-method> <!-- runScenario -->
        <test-method signature="runScenario(io.cucumber.testng.PickleWrapper,io.cucumber.testng.FeatureWrapper)[pri:0, instance:dsAlgo_TestRunner.TestRunner@59e505b2]" started-at="2025-02-24T23:34:00 EST" name="runScenario" description="Runs Cucumber Scenarios" data-provider="scenarios" finished-at="2025-02-24T23:35:03 EST" duration-ms="63272" status="PASS">
          <params>
            <param index="0">
              <value>
                <![CDATA["Verify that the user is able to navigate to Applications page"]]>
              </value>
            </param>
            <param index="1">
              <value>
                <![CDATA["Stack Module"]]>
              </value>
            </param>
          </params>
          <reporter-output>
          </reporter-output>
        </test-method> <!-- runScenario -->
        <test-method signature="runScenario(io.cucumber.testng.PickleWrapper,io.cucumber.testng.FeatureWrapper)[pri:0, instance:dsAlgo_TestRunner.TestRunner@59e505b2]" started-at="2025-02-24T23:34:03 EST" name="runScenario" description="Runs Cucumber Scenarios" data-provider="scenarios" finished-at="2025-02-24T23:35:04 EST" duration-ms="61193" status="PASS">
          <params>
            <param index="0">
              <value>
                <![CDATA["Verify that the user is able to navigate to Try Here >>> page for Applications page"]]>
              </value>
            </param>
            <param index="1">
              <value>
                <![CDATA["Stack Module"]]>
              </value>
            </param>
          </params>
          <reporter-output>
          </reporter-output>
        </test-method> <!-- runScenario -->
        <test-method signature="runScenario(io.cucumber.testng.PickleWrapper,io.cucumber.testng.FeatureWrapper)[pri:0, instance:dsAlgo_TestRunner.TestRunner@59e505b2]" started-at="2025-02-24T23:34:10 EST" name="runScenario" description="Runs Cucumber Scenarios" data-provider="scenarios" finished-at="2025-02-24T23:35:09 EST" duration-ms="59108" status="PASS">
          <params>
            <param index="0">
              <value>
                <![CDATA["Verify that the user is able to see output for valid, invalid and incorrect syntax Python code is entered for the Applications page"]]>
              </value>
            </param>
            <param index="1">
              <value>
                <![CDATA["Stack Module"]]>
              </value>
            </param>
          </params>
          <reporter-output>
          </reporter-output>
        </test-method> <!-- runScenario -->
        <test-method signature="runScenario(io.cucumber.testng.PickleWrapper,io.cucumber.testng.FeatureWrapper)[pri:0, instance:dsAlgo_TestRunner.TestRunner@59e505b2]" started-at="2025-02-24T23:34:29 EST" name="runScenario" description="Runs Cucumber Scenarios" data-provider="scenarios" finished-at="2025-02-24T23:35:03 EST" duration-ms="34568" status="PASS">
          <params>
            <param index="0">
              <value>
                <![CDATA["Verify that the user is able to see output for valid, invalid and incorrect syntax Python code is entered for the Applications page"]]>
              </value>
            </param>
            <param index="1">
              <value>
                <![CDATA["Stack Module"]]>
              </value>
            </param>
          </params>
          <reporter-output>
          </reporter-output>
        </test-method> <!-- runScenario -->
        <test-method signature="runScenario(io.cucumber.testng.PickleWrapper,io.cucumber.testng.FeatureWrapper)[pri:0, instance:dsAlgo_TestRunner.TestRunner@59e505b2]" started-at="2025-02-24T23:34:30 EST" name="runScenario" description="Runs Cucumber Scenarios" data-provider="scenarios" finished-at="2025-02-24T23:35:08 EST" duration-ms="38714" status="PASS">
          <params>
            <param index="0">
              <value>
                <![CDATA["Verify that the user is able to see output for valid, invalid and incorrect syntax Python code is entered for the Applications page"]]>
              </value>
            </param>
            <param index="1">
              <value>
                <![CDATA["Stack Module"]]>
              </value>
            </param>
          </params>
          <reporter-output>
          </reporter-output>
        </test-method> <!-- runScenario -->
        <test-method signature="runScenario(io.cucumber.testng.PickleWrapper,io.cucumber.testng.FeatureWrapper)[pri:0, instance:dsAlgo_TestRunner.TestRunner@59e505b2]" started-at="2025-02-24T23:34:31 EST" name="runScenario" description="Runs Cucumber Scenarios" data-provider="scenarios" finished-at="2025-02-24T23:35:09 EST" duration-ms="38110" status="PASS">
          <params>
            <param index="0">
              <value>
                <![CDATA["Verify that user is able to navigate to Practice Questions for operations in stack Page"]]>
              </value>
            </param>
            <param index="1">
              <value>
                <![CDATA["Stack Module"]]>
              </value>
            </param>
          </params>
          <reporter-output>
          </reporter-output>
        </test-method> <!-- runScenario -->
        <test-method is-config="true" signature="tearDownClass()[pri:0, instance:dsAlgo_TestRunner.TestRunner@59e505b2]" started-at="2025-02-24T23:35:09 EST" name="tearDownClass" finished-at="2025-02-24T23:35:20 EST" duration-ms="10206" status="PASS">
          <reporter-output>
          </reporter-output>
        </test-method> <!-- tearDownClass -->
      </class> <!-- dsAlgo_TestRunner.TestRunner -->
    </test> <!-- Default test -->
  </suite> <!-- Default suite -->
</testng-results>
