<?xml version="1.0" encoding="UTF-8"?>
<!-- Generated by org.testng.reporters.JUnitReportReporter -->
<testsuite hostname="AX15" failures="0" tests="130" name="dsAlgo_TestRunner.TestRunner" time="8648.615" errors="1" timestamp="2025-02-24T23:35:20 EST" skipped="0">
  <testcase classname="dsAlgo_TestRunner.TestRunner" name="runScenario" time="69.735"/>
  <testcase classname="dsAlgo_TestRunner.TestRunner" name="runScenario" time="50.865"/>
  <testcase classname="dsAlgo_TestRunner.TestRunner" name="runScenario" time="55.612"/>
  <testcase classname="dsAlgo_TestRunner.TestRunner" name="runScenario" time="55.791"/>
  <testcase classname="dsAlgo_TestRunner.TestRunner" name="runScenario" time="64.070"/>
  <testcase classname="dsAlgo_TestRunner.TestRunner" name="runScenario" time="53.904"/>
  <testcase classname="dsAlgo_TestRunner.TestRunner" name="runScenario" time="60.430"/>
  <testcase classname="dsAlgo_TestRunner.TestRunner" name="runScenario" time="59.693"/>
  <testcase classname="dsAlgo_TestRunner.TestRunner" name="runScenario" time="71.865"/>
  <testcase classname="dsAlgo_TestRunner.TestRunner" name="runScenario" time="73.764"/>
  <testcase classname="dsAlgo_TestRunner.TestRunner" name="runScenario" time="84.985"/>
  <testcase classname="dsAlgo_TestRunner.TestRunner" name="runScenario" time="71.135"/>
  <testcase classname="dsAlgo_TestRunner.TestRunner" name="runScenario" time="54.491"/>
  <testcase classname="dsAlgo_TestRunner.TestRunner" name="runScenario" time="80.574"/>
  <testcase classname="dsAlgo_TestRunner.TestRunner" name="runScenario" time="82.225"/>
  <testcase classname="dsAlgo_TestRunner.TestRunner" name="runScenario" time="67.183"/>
  <testcase classname="dsAlgo_TestRunner.TestRunner" name="runScenario" time="78.670"/>
  <testcase classname="dsAlgo_TestRunner.TestRunner" name="runScenario" time="66.420"/>
  <testcase classname="dsAlgo_TestRunner.TestRunner" name="runScenario" time="61.805"/>
  <testcase classname="dsAlgo_TestRunner.TestRunner" name="runScenario" time="67.617"/>
  <testcase classname="dsAlgo_TestRunner.TestRunner" name="runScenario" time="59.164"/>
  <testcase classname="dsAlgo_TestRunner.TestRunner" name="runScenario" time="59.703"/>
  <testcase classname="dsAlgo_TestRunner.TestRunner" name="runScenario" time="83.591"/>
  <testcase classname="dsAlgo_TestRunner.TestRunner" name="runScenario" time="85.480"/>
  <testcase classname="dsAlgo_TestRunner.TestRunner" name="runScenario" time="85.252"/>
  <testcase classname="dsAlgo_TestRunner.TestRunner" name="runScenario" time="79.986"/>
  <testcase classname="dsAlgo_TestRunner.TestRunner" name="runScenario" time="47.226"/>
  <testcase classname="dsAlgo_TestRunner.TestRunner" name="runScenario" time="68.366"/>
  <testcase classname="dsAlgo_TestRunner.TestRunner" name="runScenario" time="61.193"/>
  <testcase classname="dsAlgo_TestRunner.TestRunner" name="runScenario" time="45.667"/>
  <testcase classname="dsAlgo_TestRunner.TestRunner" name="runScenario" time="83.565"/>
  <testcase classname="dsAlgo_TestRunner.TestRunner" name="runScenario" time="49.200"/>
  <testcase classname="dsAlgo_TestRunner.TestRunner" name="runScenario" time="65.600"/>
  <testcase classname="dsAlgo_TestRunner.TestRunner" name="runScenario" time="54.227"/>
  <testcase classname="dsAlgo_TestRunner.TestRunner" name="runScenario" time="56.208"/>
  <testcase classname="dsAlgo_TestRunner.TestRunner" name="runScenario" time="84.116"/>
  <testcase classname="dsAlgo_TestRunner.TestRunner" name="runScenario" time="69.570"/>
  <testcase classname="dsAlgo_TestRunner.TestRunner" name="runScenario" time="66.154"/>
  <testcase classname="dsAlgo_TestRunner.TestRunner" name="runScenario" time="50.700"/>
  <testcase classname="dsAlgo_TestRunner.TestRunner" name="runScenario" time="61.735"/>
  <testcase classname="dsAlgo_TestRunner.TestRunner" name="runScenario" time="51.028"/>
  <testcase classname="dsAlgo_TestRunner.TestRunner" name="runScenario" time="94.308"/>
  <testcase classname="dsAlgo_TestRunner.TestRunner" name="runScenario" time="49.968"/>
  <testcase classname="dsAlgo_TestRunner.TestRunner" name="runScenario" time="84.295"/>
  <testcase classname="dsAlgo_TestRunner.TestRunner" name="runScenario" time="54.452"/>
  <testcase classname="dsAlgo_TestRunner.TestRunner" name="runScenario" time="67.620"/>
  <testcase classname="dsAlgo_TestRunner.TestRunner" name="runScenario" time="88.691"/>
  <testcase classname="dsAlgo_TestRunner.TestRunner" name="runScenario" time="73.366"/>
  <testcase classname="dsAlgo_TestRunner.TestRunner" name="runScenario" time="62.882"/>
  <testcase classname="dsAlgo_TestRunner.TestRunner" name="runScenario" time="72.382"/>
  <testcase classname="dsAlgo_TestRunner.TestRunner" name="runScenario" time="68.503"/>
  <testcase classname="dsAlgo_TestRunner.TestRunner" name="runScenario" time="61.253"/>
  <testcase classname="dsAlgo_TestRunner.TestRunner" name="runScenario" time="38.110"/>
  <testcase classname="dsAlgo_TestRunner.TestRunner" name="runScenario" time="54.938"/>
  <testcase classname="dsAlgo_TestRunner.TestRunner" name="runScenario" time="50.578"/>
  <testcase classname="dsAlgo_TestRunner.TestRunner" name="runScenario" time="53.095"/>
  <testcase classname="dsAlgo_TestRunner.TestRunner" name="runScenario" time="63.654"/>
  <testcase classname="dsAlgo_TestRunner.TestRunner" name="runScenario" time="50.673"/>
  <testcase classname="dsAlgo_TestRunner.TestRunner" name="runScenario" time="84.788"/>
  <testcase classname="dsAlgo_TestRunner.TestRunner" name="runScenario" time="63.804"/>
  <testcase classname="dsAlgo_TestRunner.TestRunner" name="runScenario" time="34.568"/>
  <testcase classname="dsAlgo_TestRunner.TestRunner" name="runScenario" time="72.562"/>
  <testcase classname="dsAlgo_TestRunner.TestRunner" name="runScenario" time="58.811"/>
  <testcase classname="dsAlgo_TestRunner.TestRunner" name="runScenario" time="56.242"/>
  <testcase classname="dsAlgo_TestRunner.TestRunner" name="runScenario" time="59.108"/>
  <testcase classname="dsAlgo_TestRunner.TestRunner" name="runScenario" time="78.957"/>
  <testcase classname="dsAlgo_TestRunner.TestRunner" name="runScenario" time="82.203"/>
  <testcase classname="dsAlgo_TestRunner.TestRunner" name="runScenario" time="65.110"/>
  <testcase classname="dsAlgo_TestRunner.TestRunner" name="runScenario" time="53.835"/>
  <testcase classname="dsAlgo_TestRunner.TestRunner" name="runScenario" time="38.714"/>
  <testcase classname="dsAlgo_TestRunner.TestRunner" name="runScenario" time="64.639"/>
  <testcase classname="dsAlgo_TestRunner.TestRunner" name="runScenario" time="70.412"/>
  <testcase classname="dsAlgo_TestRunner.TestRunner" name="runScenario" time="52.237"/>
  <testcase classname="dsAlgo_TestRunner.TestRunner" name="runScenario" time="51.205"/>
  <testcase classname="dsAlgo_TestRunner.TestRunner" name="runScenario" time="75.633"/>
  <testcase classname="dsAlgo_TestRunner.TestRunner" name="runScenario" time="76.983"/>
  <testcase classname="dsAlgo_TestRunner.TestRunner" name="runScenario" time="71.715"/>
  <testcase classname="dsAlgo_TestRunner.TestRunner" name="runScenario" time="79.512"/>
  <testcase classname="dsAlgo_TestRunner.TestRunner" name="runScenario" time="41.183"/>
  <testcase classname="dsAlgo_TestRunner.TestRunner" name="runScenario" time="51.210"/>
  <testcase classname="dsAlgo_TestRunner.TestRunner" name="runScenario" time="70.228"/>
  <testcase classname="dsAlgo_TestRunner.TestRunner" name="runScenario" time="62.795"/>
  <testcase classname="dsAlgo_TestRunner.TestRunner" name="runScenario" time="76.733"/>
  <testcase classname="dsAlgo_TestRunner.TestRunner" name="runScenario" time="74.699"/>
  <testcase classname="dsAlgo_TestRunner.TestRunner" name="runScenario" time="74.423"/>
  <testcase classname="dsAlgo_TestRunner.TestRunner" name="runScenario" time="61.612"/>
  <testcase classname="dsAlgo_TestRunner.TestRunner" name="runScenario" time="76.960"/>
  <testcase classname="dsAlgo_TestRunner.TestRunner" name="runScenario" time="56.760"/>
  <testcase classname="dsAlgo_TestRunner.TestRunner" name="runScenario" time="62.980"/>
  <testcase classname="dsAlgo_TestRunner.TestRunner" name="runScenario" time="78.563"/>
  <testcase classname="dsAlgo_TestRunner.TestRunner" name="runScenario" time="57.850"/>
  <testcase classname="dsAlgo_TestRunner.TestRunner" name="runScenario" time="60.657"/>
  <testcase classname="dsAlgo_TestRunner.TestRunner" name="runScenario" time="91.468"/>
  <testcase classname="dsAlgo_TestRunner.TestRunner" name="runScenario" time="74.691"/>
  <testcase classname="dsAlgo_TestRunner.TestRunner" name="runScenario" time="60.570"/>
  <testcase classname="dsAlgo_TestRunner.TestRunner" name="runScenario" time="52.452"/>
  <testcase classname="dsAlgo_TestRunner.TestRunner" name="runScenario" time="72.767"/>
  <testcase classname="dsAlgo_TestRunner.TestRunner" name="runScenario" time="70.347"/>
  <testcase classname="dsAlgo_TestRunner.TestRunner" name="runScenario" time="77.732"/>
  <testcase classname="dsAlgo_TestRunner.TestRunner" name="runScenario" time="76.466"/>
  <testcase classname="dsAlgo_TestRunner.TestRunner" name="runScenario" time="64.304"/>
  <testcase classname="dsAlgo_TestRunner.TestRunner" name="runScenario" time="58.973"/>
  <testcase classname="dsAlgo_TestRunner.TestRunner" name="runScenario" time="92.799"/>
  <testcase classname="dsAlgo_TestRunner.TestRunner" name="runScenario" time="89.071"/>
  <testcase classname="dsAlgo_TestRunner.TestRunner" name="runScenario" time="63.272"/>
  <testcase classname="dsAlgo_TestRunner.TestRunner" name="runScenario" time="69.569"/>
  <testcase classname="dsAlgo_TestRunner.TestRunner" name="runScenario" time="50.136"/>
  <testcase classname="dsAlgo_TestRunner.TestRunner" name="runScenario" time="65.282"/>
  <testcase classname="dsAlgo_TestRunner.TestRunner" name="runScenario" time="40.251"/>
  <testcase classname="dsAlgo_TestRunner.TestRunner" name="runScenario" time="63.778"/>
  <testcase classname="dsAlgo_TestRunner.TestRunner" name="runScenario" time="84.452"/>
  <testcase classname="dsAlgo_TestRunner.TestRunner" name="runScenario" time="77.891"/>
  <testcase classname="dsAlgo_TestRunner.TestRunner" name="runScenario" time="86.614"/>
  <testcase classname="dsAlgo_TestRunner.TestRunner" name="runScenario" time="80.019"/>
  <testcase classname="dsAlgo_TestRunner.TestRunner" name="runScenario" time="68.527"/>
  <testcase classname="dsAlgo_TestRunner.TestRunner" name="runScenario" time="79.644"/>
  <testcase classname="dsAlgo_TestRunner.TestRunner" name="runScenario" time="63.023"/>
  <testcase classname="dsAlgo_TestRunner.TestRunner" name="runScenario" time="75.324"/>
  <testcase classname="dsAlgo_TestRunner.TestRunner" name="runScenario" time="73.116"/>
  <testcase classname="dsAlgo_TestRunner.TestRunner" name="runScenario" time="72.272"/>
  <testcase classname="dsAlgo_TestRunner.TestRunner" name="runScenario" time="61.648"/>
  <testcase classname="dsAlgo_TestRunner.TestRunner" name="runScenario" time="62.419"/>
  <testcase classname="dsAlgo_TestRunner.TestRunner" name="runScenario" time="55.436"/>
  <testcase classname="dsAlgo_TestRunner.TestRunner" name="runScenario" time="68.209">
    <error message="no such element: Unable to locate element: {&quot;method&quot;:&quot;xpath&quot;,&quot;selector&quot;:&quot;//div[contains(text(),&#039;Account Created&#039;)]&quot;}
  (Session info: chrome=133.0.6943.127)
For documentation on this error, please visit: https://www.selenium.dev/documentation/webdriver/troubleshooting/errors#no-such-element-exception
Build info: version: &#039;4.28.0&#039;, revision: &#039;ac342546e9&#039;
System info: os.name: &#039;Windows 11&#039;, os.arch: &#039;amd64&#039;, os.version: &#039;10.0&#039;, java.version: &#039;23.0.1&#039;
Driver info: org.openqa.selenium.chrome.ChromeDriver
Command: [577e4258644ffa521c3415b7be4831bb, findElement {using=xpath, value=//div[contains(text(),&#039;Account Created&#039;)]}]
Capabilities {acceptInsecureCerts: false, browserName: chrome, browserVersion: 133.0.6943.127, chrome: {chromedriverVersion: 133.0.6943.126 (cffa127ce7b..., userDataDir: C:\Users\VIJAYA~1\AppData\L...}, fedcm:accounts: true, goog:chromeOptions: {debuggerAddress: localhost:55427}, networkConnectionEnabled: false, pageLoadStrategy: normal, platformName: windows, proxy: Proxy(), se:cdp: ws://localhost:55427/devtoo..., se:cdpVersion: 133.0.6943.127, setWindowRect: true, strictFileInteractability: false, timeouts: {implicit: 0, pageLoad: 300000, script: 30000}, unhandledPromptBehavior: dismiss and notify, webauthn:extension:credBlob: true, webauthn:extension:largeBlob: true, webauthn:extension:minPinLength: true, webauthn:extension:prf: true, webauthn:virtualAuthenticators: true}
Session ID: 577e4258644ffa521c3415b7be4831bb" type="org.openqa.selenium.NoSuchElementException">
      <![CDATA[org.openqa.selenium.NoSuchElementException: no such element: Unable to locate element: {"method":"xpath","selector":"//div[contains(text(),'Account Created')]"}
  (Session info: chrome=133.0.6943.127)
For documentation on this error, please visit: https://www.selenium.dev/documentation/webdriver/troubleshooting/errors#no-such-element-exception
Build info: version: '4.28.0', revision: 'ac342546e9'
System info: os.name: 'Windows 11', os.arch: 'amd64', os.version: '10.0', java.version: '23.0.1'
Driver info: org.openqa.selenium.chrome.ChromeDriver
Command: [577e4258644ffa521c3415b7be4831bb, findElement {using=xpath, value=//div[contains(text(),'Account Created')]}]
Capabilities {acceptInsecureCerts: false, browserName: chrome, browserVersion: 133.0.6943.127, chrome: {chromedriverVersion: 133.0.6943.126 (cffa127ce7b..., userDataDir: C:\Users\VIJAYA~1\AppData\L...}, fedcm:accounts: true, goog:chromeOptions: {debuggerAddress: localhost:55427}, networkConnectionEnabled: false, pageLoadStrategy: normal, platformName: windows, proxy: Proxy(), se:cdp: ws://localhost:55427/devtoo..., se:cdpVersion: 133.0.6943.127, setWindowRect: true, strictFileInteractability: false, timeouts: {implicit: 0, pageLoad: 300000, script: 30000}, unhandledPromptBehavior: dismiss and notify, webauthn:extension:credBlob: true, webauthn:extension:largeBlob: true, webauthn:extension:minPinLength: true, webauthn:extension:prf: true, webauthn:virtualAuthenticators: true}
Session ID: 577e4258644ffa521c3415b7be4831bb
at java.base/jdk.internal.reflect.DirectConstructorHandleAccessor.newInstance(DirectConstructorHandleAccessor.java:62)
at java.base/java.lang.reflect.Constructor.newInstanceWithCaller(Constructor.java:501)
at java.base/java.lang.reflect.Constructor.newInstance(Constructor.java:485)
at org.openqa.selenium.remote.ErrorCodec.decode(ErrorCodec.java:167)
at org.openqa.selenium.remote.codec.w3c.W3CHttpResponseCodec.decode(W3CHttpResponseCodec.java:138)
at org.openqa.selenium.remote.codec.w3c.W3CHttpResponseCodec.decode(W3CHttpResponseCodec.java:50)
at org.openqa.selenium.remote.HttpCommandExecutor.execute(HttpCommandExecutor.java:215)
at org.openqa.selenium.remote.service.DriverCommandExecutor.invokeExecute(DriverCommandExecutor.java:216)
at org.openqa.selenium.remote.service.DriverCommandExecutor.execute(DriverCommandExecutor.java:174)
at org.openqa.selenium.remote.RemoteWebDriver.execute(RemoteWebDriver.java:545)
at org.openqa.selenium.remote.ElementLocation$ElementFinder$2.findElement(ElementLocation.java:165)
at org.openqa.selenium.remote.ElementLocation.findElement(ElementLocation.java:59)
at org.openqa.selenium.remote.RemoteWebDriver.findElement(RemoteWebDriver.java:368)
at org.openqa.selenium.remote.RemoteWebDriver.findElement(RemoteWebDriver.java:362)
at org.openqa.selenium.support.pagefactory.DefaultElementLocator.findElement(DefaultElementLocator.java:68)
at org.openqa.selenium.support.pagefactory.internal.LocatingElementHandler.invoke(LocatingElementHandler.java:38)
at jdk.proxy2/jdk.proxy2.$Proxy44.getText(Unknown Source)
at dsAlgo_PageFactory.Register_PageFactory.successMessageDisplayed(Register_PageFactory.java:61)
at dsAlgo_StepDefinition.Register.user_should_be_able_to_naviagte_to_home_page_and_get_the_success_message(Register.java:144)
at âœ½.User should be able to naviagte to home page and get the success message(file:///C:/Users/Vijayalakshmi/git/CodeCrackers_DsAlgo/src/test/resources/features/Register.feature:74)
]]>
    </error>
  </testcase> <!-- runScenario -->
  <testcase classname="dsAlgo_TestRunner.TestRunner" name="runScenario" time="69.520"/>
  <testcase classname="dsAlgo_TestRunner.TestRunner" name="runScenario" time="51.152"/>
  <testcase classname="dsAlgo_TestRunner.TestRunner" name="runScenario" time="71.788"/>
  <testcase classname="dsAlgo_TestRunner.TestRunner" name="runScenario" time="63.536"/>
  <testcase classname="dsAlgo_TestRunner.TestRunner" name="runScenario" time="94.397"/>
  <testcase classname="dsAlgo_TestRunner.TestRunner" name="runScenario" time="70.676"/>
</testsuite> <!-- dsAlgo_TestRunner.TestRunner -->
